\BOOKMARK [0][-]{chapter.1}{\376\377\000D\000a\000\040\000d\000e\000s\000c\000o\000b\000e\000r\000t\000a\000\040\000d\000e\000\040\000t\000o\000d\000a\000s\000\040\000a\000s\000\040\000p\000a\000r\000t\000\355\000c\000u\000l\000a\000s\000\040\000e\000\040\000e\000l\000e\000m\000e\000n\000t\000o\000s}{}% 1
\BOOKMARK [1][-]{section.1.1}{\376\377\000P\000a\000r\000t\000\355\000c\000u\000l\000a\000s\000\040\000f\000u\000n\000d\000a\000m\000e\000n\000t\000a\000i\000s}{chapter.1}% 2
\BOOKMARK [1][-]{section.1.2}{\376\377\000C\000i\000c\000l\000o\000\040\000d\000e\000\040\000V\000i\000d\000a\000\040\000E\000s\000t\000e\000l\000a\000r}{chapter.1}% 3
\BOOKMARK [1][-]{section.1.3}{\376\377\000N\000u\000c\000l\000e\000o\000s\000s\000\355\000n\000t\000e\000s\000e\000\040\000d\000o\000s\000\040\000\341\000t\000o\000m\000o\000s\000\040\000d\000e\000\040\000C\000a\000r\000b\000o\000n\000o}{chapter.1}% 4
\BOOKMARK [1][-]{section.1.4}{\376\377\000O\000\040\000P\000r\000o\000c\000e\000s\000s\000o\000\040\000T\000r\000i\000p\000l\000o\000\040\000A\000l\000f\000a}{chapter.1}% 5
\BOOKMARK [0][-]{chapter.2}{\376\377\000A\000s\000c\000e\000n\000\347\000\343\000o\000\040\000e\000\040\000q\000u\000e\000d\000a\000\040\000d\000a\000\040\000T\000e\000o\000r\000i\000a\000\040\000d\000a\000\040\000F\000o\000r\000\347\000a\000\040\000V\000i\000t\000a\000l}{}% 6
\BOOKMARK [1][-]{section.2.1}{\376\377\000T\000e\000o\000r\000i\000a\000\040\000d\000a\000\040\000F\000o\000r\000\347\000a\000\040\000V\000i\000t\000a\000l\000\040\000o\000u\000\040\000V\000i\000t\000a\000l\000i\000s\000m\000o}{chapter.2}% 7
\BOOKMARK [1][-]{section.2.2}{\376\377\000S\000a\000l\000v\000e\000,\000\040\000W\000\366\000h\000l\000e\000r\000!}{chapter.2}% 8
\BOOKMARK [0][-]{chapter.3}{\376\377\000A\000\040\000l\000i\000g\000a\000\347\000\343\000o\000\040\000q\000u\000\355\000m\000i\000c\000a\000\040\000C\000a\000r\000b\000o\000n\000o\000-\000C\000a\000r\000b\000o\000n\000o}{}% 9
\BOOKMARK [1][-]{section.3.1}{\376\377\000N\000\372\000m\000e\000r\000o\000s\000\040\000q\000u\000\342\000n\000t\000i\000c\000o\000s}{chapter.3}% 10
\BOOKMARK [1][-]{section.3.2}{\376\377\000O\000\040\000c\000o\000n\000c\000e\000i\000t\000o\000\040\000d\000e\000\040\000h\000i\000b\000r\000i\000d\000i\000z\000a\000\347\000\343\000o}{chapter.3}% 11
\BOOKMARK [1][-]{section.3.3}{\376\377\000A\000\040\000l\000i\000g\000a\000\347\000\343\000o\000\040\000s\000i\000g\000m\000a\000\040\000\050\000\051}{chapter.3}% 12
\BOOKMARK [1][-]{section.3.4}{\376\377\000A\000\040\000l\000i\000g\000a\000\347\000\343\000o\000\040\000p\000i\000\040\000\050\000\051}{chapter.3}% 13
\BOOKMARK [0][-]{chapter.4}{\376\377\000I\000n\000t\000r\000o\000d\000u\000\347\000\343\000o\000\040\000\340\000s\000\040\000f\000u\000n\000\347\000\365\000e\000s\000\040\000o\000r\000g\000\342\000n\000i\000c\000a\000s}{}% 14
\BOOKMARK [1][-]{section.4.1}{\376\377\000R\000e\000c\000o\000n\000h\000e\000c\000i\000m\000e\000n\000t\000o\000\040\000d\000e\000\040\000p\000a\000d\000r\000\365\000e\000s}{chapter.4}% 15
\BOOKMARK [1][-]{section.4.2}{\376\377\000F\000u\000n\000\347\000\343\000o\000\040\000o\000r\000g\000\342\000n\000i\000c\000a}{chapter.4}% 16
\BOOKMARK [0][-]{chapter.5}{\376\377\000H\000i\000d\000r\000o\000c\000a\000r\000b\000o\000n\000e\000t\000o\000s}{}% 17
\BOOKMARK [1][-]{section.5.1}{\376\377\000O\000r\000i\000g\000e\000n\000s\000\040\000d\000o\000\040\000p\000e\000t\000r\000\363\000l\000e\000o}{chapter.5}% 18
\BOOKMARK [1][-]{section.5.2}{\376\377\000C\000l\000a\000s\000s\000i\000f\000i\000c\000a\000\347\000\343\000o}{chapter.5}% 19
\BOOKMARK [1][-]{section.5.3}{\376\377\000E\000s\000t\000r\000u\000t\000u\000r\000a}{chapter.5}% 20
\BOOKMARK [1][-]{section.5.4}{\376\377\000P\000r\000o\000p\000r\000i\000e\000d\000a\000d\000e\000s\000\040\000f\000\355\000s\000i\000c\000a\000s\000\040\000d\000e\000\040\000h\000i\000d\000r\000o\000c\000a\000r\000b\000o\000n\000e\000t\000o\000s}{chapter.5}% 21
\BOOKMARK [2][-]{subsection.5.4.1}{\376\377\000P\000o\000n\000t\000o\000s\000\040\000d\000e\000\040\000F\000u\000s\000\343\000o\000\040\000e\000\040\000E\000b\000u\000l\000i\000\347\000\343\000o}{section.5.4}% 22
\BOOKMARK [2][-]{subsection.5.4.2}{\376\377\000S\000o\000l\000u\000b\000i\000l\000i\000d\000a\000d\000e}{section.5.4}% 23
\BOOKMARK [2][-]{subsection.5.4.3}{\376\377\000D\000e\000n\000s\000i\000d\000a\000d\000e}{section.5.4}% 24
\BOOKMARK [2][-]{subsection.5.4.4}{\376\377\000T\000e\000n\000s\000\343\000o\000\040\000S\000u\000p\000e\000r\000f\000i\000c\000i\000a\000l}{section.5.4}% 25
\BOOKMARK [1][-]{section.5.5}{\376\377\000N\000o\000m\000e\000n\000c\000l\000a\000t\000u\000r\000a\000\040\000d\000e\000\040\000h\000i\000d\000r\000o\000c\000a\000r\000b\000o\000n\000e\000t\000o\000s}{chapter.5}% 26
\BOOKMARK [2][-]{subsection.5.5.1}{\376\377\000N\000o\000m\000e\000n\000c\000l\000a\000t\000u\000r\000a\000\040\000s\000u\000b\000s\000t\000i\000t\000u\000t\000i\000v\000a}{section.5.5}% 27
\BOOKMARK [0][-]{chapter.6}{\376\377\000\301\000l\000c\000o\000o\000i\000s\000\040\000e\000\040\000f\000e\000n\000\363\000i\000s}{}% 28
\BOOKMARK [1][-]{section.6.1}{\376\377\000A\000s\000p\000e\000c\000t\000o\000s\000\040\000e\000s\000t\000r\000u\000t\000u\000r\000a\000i\000s}{chapter.6}% 29
\BOOKMARK [2][-]{subsection.6.1.1}{\376\377\000C\000a\000r\000\341\000t\000e\000r\000\040\000\341\000c\000i\000d\000o\000/\000b\000a\000s\000e}{section.6.1}% 30
\BOOKMARK [2][-]{subsection.6.1.2}{\376\377\000P\000r\000o\000p\000r\000i\000e\000d\000a\000d\000e\000s\000\040\000f\000\355\000s\000i\000c\000a\000s}{section.6.1}% 31
\BOOKMARK [1][-]{section.6.2}{\376\377\000O\000c\000o\000r\000r\000\352\000n\000c\000i\000a\000\040\000e\000\040\000a\000p\000l\000i\000c\000a\000\347\000\365\000e\000s}{chapter.6}% 32
\BOOKMARK [2][-]{subsection.6.2.1}{\376\377\000\301\000l\000c\000o\000o\000i\000s}{section.6.2}% 33
\BOOKMARK [3][-]{subsubsection.6.2.1.1}{\376\377\000M\000e\000t\000a\000n\000o\000l}{subsection.6.2.1}% 34
\BOOKMARK [3][-]{subsubsection.6.2.1.2}{\376\377\000E\000t\000a\000n\000o\000l}{subsection.6.2.1}% 35
\BOOKMARK [2][-]{subsection.6.2.2}{\376\377\000F\000e\000n\000\363\000i\000s}{section.6.2}% 36
\BOOKMARK [0][-]{chapter.7}{\376\377\000A\000l\000d\000e\000\355\000d\000o\000s\000\040\000e\000\040\000c\000e\000t\000o\000n\000a\000s}{}% 37
\BOOKMARK [1][-]{section.7.1}{\376\377\000P\000r\000o\000p\000r\000i\000e\000d\000a\000d\000e\000s\000\040\000f\000\355\000s\000i\000c\000a\000s}{chapter.7}% 38
\BOOKMARK [1][-]{section.7.2}{\376\377\000N\000o\000m\000e\000n\000c\000l\000a\000t\000u\000r\000a}{chapter.7}% 39
\BOOKMARK [2][-]{subsection.7.2.1}{\376\377\000A\000l\000d\000e\000\355\000d\000o\000s}{section.7.2}% 40
\BOOKMARK [2][-]{subsection.7.2.2}{\376\377\000C\000e\000t\000o\000n\000a\000s}{section.7.2}% 41
\BOOKMARK [0][-]{chapter*.79}{\376\377\000B\000i\000b\000l\000i\000o\000g\000r\000a\000f\000i\000a\000\040\000C\000o\000m\000p\000l\000e\000t\000a}{}% 42
