This is pdfTeX, Version 3.141592653-2.6-1.40.22 (TeX Live 2022/dev/Debian) (preloaded format=pdflatex 2024.3.16)  1 MAY 2024 17:01
entering extended mode
 restricted \write18 enabled.
 file:line:error style messages enabled.
 %&-line parsing enabled.
**/home/jhgb/Documents/GitHub/qob/minitoc.tex
(/home/jhgb/Documents/GitHub/qob/minitoc.tex
LaTeX2e <2021-11-15> patch level 1
L3 programming layer <2022-01-21> (/usr/share/texlive/texmf-dist/tex/latex/base/book.cls
Document Class: book 2021/10/04 v1.4n Standard LaTeX document class
(/usr/share/texlive/texmf-dist/tex/latex/base/bk12.clo
File: bk12.clo 2021/10/04 v1.4n Standard LaTeX file (size option)
)
\c@part=\count185
\c@chapter=\count186
\c@section=\count187
\c@subsection=\count188
\c@subsubsection=\count189
\c@paragraph=\count190
\c@subparagraph=\count191
\c@figure=\count192
\c@table=\count193
\abovecaptionskip=\skip47
\belowcaptionskip=\skip48
\bibindent=\dimen138
) (/usr/share/texlive/texmf-dist/tex/latex/imakeidx/imakeidx.sty
Package: imakeidx 2016/10/15 v1.3e Package for typesetting indices in a synchronous mode
 (/usr/share/texlive/texmf-dist/tex/latex/xkeyval/xkeyval.sty
Package: xkeyval 2020/11/20 v2.8 package option processing (HA)
 (/usr/share/texlive/texmf-dist/tex/generic/xkeyval/xkeyval.tex (/usr/share/texlive/texmf-dist/tex/generic/xkeyval/xkvutils.tex
\XKV@toks=\toks16
\XKV@tempa@toks=\toks17
 (/usr/share/texlive/texmf-dist/tex/generic/xkeyval/keyval.tex))
\XKV@depth=\count194
File: xkeyval.tex 2014/12/03 v2.7a key=value parser (HA)
)) (/usr/share/texlive/texmf-dist/tex/generic/iftex/ifxetex.sty
Package: ifxetex 2019/10/25 v0.7 ifxetex legacy package. Use iftex instead.
 (/usr/share/texlive/texmf-dist/tex/generic/iftex/iftex.sty
Package: iftex 2020/03/06 v1.0d TeX engine tests
)) (/usr/share/texlive/texmf-dist/tex/generic/iftex/ifluatex.sty
Package: ifluatex 2019/10/25 v1.5 ifluatex legacy package. Use iftex instead.
) (/usr/share/texlive/texmf-dist/tex/latex/tools/multicol.sty
Package: multicol 2021/10/28 v1.9b multicolumn formatting (FMi)
\c@tracingmulticols=\count195
\mult@box=\box50
\multicol@leftmargin=\dimen139
\c@unbalance=\count196
\c@collectmore=\count197
\doublecol@number=\count198
\multicoltolerance=\count199
\multicolpretolerance=\count266
\full@width=\dimen140
\page@free=\dimen141
\premulticols=\dimen142
\postmulticols=\dimen143
\multicolsep=\skip49
\multicolbaselineskip=\skip50
\partial@page=\box51
\last@line=\box52
\maxbalancingoverflow=\dimen144
\mult@rightbox=\box53
\mult@grightbox=\box54
\mult@firstbox=\box55
\mult@gfirstbox=\box56
\@tempa=\box57
\@tempa=\box58
\@tempa=\box59
\@tempa=\box60
\@tempa=\box61
\@tempa=\box62
\@tempa=\box63
\@tempa=\box64
\@tempa=\box65
\@tempa=\box66
\@tempa=\box67
\@tempa=\box68
\@tempa=\box69
\@tempa=\box70
\@tempa=\box71
\@tempa=\box72
\@tempa=\box73
\@tempa=\box74
\@tempa=\box75
\@tempa=\box76
\@tempa=\box77
\@tempa=\box78
\@tempa=\box79
\@tempa=\box80
\@tempa=\box81
\@tempa=\box82
\@tempa=\box83
\@tempa=\box84
\@tempa=\box85
\@tempa=\box86
\@tempa=\box87
\@tempa=\box88
\@tempa=\box89
\@tempa=\box90
\@tempa=\box91
\@tempa=\box92
\c@minrows=\count267
\c@columnbadness=\count268
\c@finalcolumnbadness=\count269
\last@try=\dimen145
\multicolovershoot=\dimen146
\multicolundershoot=\dimen147
\mult@nat@firstbox=\box93
\colbreak@box=\box94
\mc@col@check@num=\count270
))
\minitoc@idxfile=\write3
\openout3 = `minitoc.idx'.


Writing index file minitoc.idx
(/usr/share/texlive/texmf-dist/tex/latex/mdframed/mdframed.sty
Package: mdframed 2013/07/01 1.9b: mdframed
 (/usr/share/texlive/texmf-dist/tex/latex/kvoptions/kvoptions.sty
Package: kvoptions 2020-10-07 v3.14 Key value format for package options (HO)
 (/usr/share/texlive/texmf-dist/tex/generic/ltxcmds/ltxcmds.sty
Package: ltxcmds 2020-05-10 v1.25 LaTeX kernel commands for general use (HO)
) (/usr/share/texlive/texmf-dist/tex/generic/kvsetkeys/kvsetkeys.sty
Package: kvsetkeys 2019/12/15 v1.18 Key value parser (HO)
)) (/usr/share/texlive/texmf-dist/tex/latex/l3packages/xparse/xparse.sty (/usr/share/texlive/texmf-dist/tex/latex/l3kernel/expl3.sty
Package: expl3 2022-01-21 L3 programming layer (loader) 
 (/usr/share/texlive/texmf-dist/tex/latex/l3backend/l3backend-pdftex.def
File: l3backend-pdftex.def 2022-01-12 L3 backend support: PDF output (pdfTeX)
\l__color_backend_stack_int=\count271
\l__pdf_internal_box=\box95
))
Package: xparse 2022-01-12 L3 Experimental document command parser
) (/usr/share/texlive/texmf-dist/tex/latex/etoolbox/etoolbox.sty
Package: etoolbox 2020/10/05 v2.5k e-TeX tools for LaTeX (JAW)
\etb@tempcnta=\count272
) (/usr/share/texlive/texmf-dist/tex/latex/zref/zref-abspage.sty
Package: zref-abspage 2020-07-03 v2.32 Module abspage for zref (HO)
 (/usr/share/texlive/texmf-dist/tex/latex/zref/zref-base.sty
Package: zref-base 2020-07-03 v2.32 Module base for zref (HO)
 (/usr/share/texlive/texmf-dist/tex/generic/infwarerr/infwarerr.sty
Package: infwarerr 2019/12/03 v1.5 Providing info/warning/error messages (HO)
) (/usr/share/texlive/texmf-dist/tex/generic/kvdefinekeys/kvdefinekeys.sty
Package: kvdefinekeys 2019-12-19 v1.6 Define keys (HO)
) (/usr/share/texlive/texmf-dist/tex/generic/pdftexcmds/pdftexcmds.sty
Package: pdftexcmds 2020-06-27 v0.33 Utility functions of pdfTeX for LuaTeX (HO)
Package pdftexcmds Info: \pdf@primitive is available.
Package pdftexcmds Info: \pdf@ifprimitive is available.
Package pdftexcmds Info: \pdfdraftmode found.
) (/usr/share/texlive/texmf-dist/tex/generic/etexcmds/etexcmds.sty
Package: etexcmds 2019/12/15 v1.7 Avoid name clashes with e-TeX commands (HO)
) (/usr/share/texlive/texmf-dist/tex/latex/auxhook/auxhook.sty
Package: auxhook 2019-12-17 v1.6 Hooks for auxiliary files (HO)
)
Package zref Info: New property list: main on input line 764.
Package zref Info: New property: default on input line 765.
Package zref Info: New property: page on input line 766.
) (/usr/share/texlive/texmf-dist/tex/latex/base/atbegshi-ltx.sty
Package: atbegshi-ltx 2021/01/10 v1.0c Emulation of the original atbegshi
package with kernel methods
)
\c@abspage=\count273
Package zref Info: New property: abspage on input line 66.
) (/usr/share/texlive/texmf-dist/tex/latex/needspace/needspace.sty
Package: needspace 2010/09/12 v1.3d reserve vertical space
) (/usr/share/texlive/texmf-dist/tex/latex/graphics/color.sty
Package: color 2021/12/07 v1.3c Standard LaTeX Color (DPC)
 (/usr/share/texlive/texmf-dist/tex/latex/graphics-cfg/color.cfg
File: color.cfg 2016/01/02 v1.6 sample color configuration
)
Package color Info: Driver file: pdftex.def on input line 149.
 (/usr/share/texlive/texmf-dist/tex/latex/graphics-def/pdftex.def
File: pdftex.def 2020/10/05 v1.2a Graphics/color driver for pdftex
))
\mdf@templength=\skip51
\c@mdf@globalstyle@cnt=\count274
\mdf@skipabove@length=\skip52
\mdf@skipbelow@length=\skip53
\mdf@leftmargin@length=\skip54
\mdf@rightmargin@length=\skip55
\mdf@innerleftmargin@length=\skip56
\mdf@innerrightmargin@length=\skip57
\mdf@innertopmargin@length=\skip58
\mdf@innerbottommargin@length=\skip59
\mdf@splittopskip@length=\skip60
\mdf@splitbottomskip@length=\skip61
\mdf@outermargin@length=\skip62
\mdf@innermargin@length=\skip63
\mdf@linewidth@length=\skip64
\mdf@innerlinewidth@length=\skip65
\mdf@middlelinewidth@length=\skip66
\mdf@outerlinewidth@length=\skip67
\mdf@roundcorner@length=\skip68
\mdf@footenotedistance@length=\skip69
\mdf@userdefinedwidth@length=\skip70
\mdf@needspace@length=\skip71
\mdf@frametitleaboveskip@length=\skip72
\mdf@frametitlebelowskip@length=\skip73
\mdf@frametitlerulewidth@length=\skip74
\mdf@frametitleleftmargin@length=\skip75
\mdf@frametitlerightmargin@length=\skip76
\mdf@shadowsize@length=\skip77
\mdf@extratopheight@length=\skip78
\mdf@subtitleabovelinewidth@length=\skip79
\mdf@subtitlebelowlinewidth@length=\skip80
\mdf@subtitleaboveskip@length=\skip81
\mdf@subtitlebelowskip@length=\skip82
\mdf@subtitleinneraboveskip@length=\skip83
\mdf@subtitleinnerbelowskip@length=\skip84
\mdf@subsubtitleabovelinewidth@length=\skip85
\mdf@subsubtitlebelowlinewidth@length=\skip86
\mdf@subsubtitleaboveskip@length=\skip87
\mdf@subsubtitlebelowskip@length=\skip88
\mdf@subsubtitleinneraboveskip@length=\skip89
\mdf@subsubtitleinnerbelowskip@length=\skip90
 (/usr/share/texlive/texmf-dist/tex/latex/pgf/frontendlayer/tikz.sty (/usr/share/texlive/texmf-dist/tex/latex/pgf/basiclayer/pgf.sty (/usr/share/texlive/texmf-dist/tex/latex/pgf/utilities/pgfrcs.sty (/usr/share/texlive/texmf-dist/tex/generic/pgf/utilities/pgfutil-common.tex
\pgfutil@everybye=\toks18
\pgfutil@tempdima=\dimen148
\pgfutil@tempdimb=\dimen149
 (/usr/share/texlive/texmf-dist/tex/generic/pgf/utilities/pgfutil-common-lists.tex)) (/usr/share/texlive/texmf-dist/tex/generic/pgf/utilities/pgfutil-latex.def
\pgfutil@abb=\box96
) (/usr/share/texlive/texmf-dist/tex/generic/pgf/utilities/pgfrcs.code.tex (/usr/share/texlive/texmf-dist/tex/generic/pgf/pgf.revision.tex)
Package: pgfrcs 2021/05/15 v3.1.9a (3.1.9a)
))
Package: pgf 2021/05/15 v3.1.9a (3.1.9a)
 (/usr/share/texlive/texmf-dist/tex/latex/pgf/basiclayer/pgfcore.sty (/usr/share/texlive/texmf-dist/tex/latex/graphics/graphicx.sty
Package: graphicx 2021/09/16 v1.2d Enhanced LaTeX Graphics (DPC,SPQR)
 (/usr/share/texlive/texmf-dist/tex/latex/graphics/graphics.sty
Package: graphics 2021/03/04 v1.4d Standard LaTeX Graphics (DPC,SPQR)
 (/usr/share/texlive/texmf-dist/tex/latex/graphics/trig.sty
Package: trig 2021/08/11 v1.11 sin cos tan (DPC)
) (/usr/share/texlive/texmf-dist/tex/latex/graphics-cfg/graphics.cfg
File: graphics.cfg 2016/06/04 v1.11 sample graphics configuration
)
Package graphics Info: Driver file: pdftex.def on input line 107.
)
\Gin@req@height=\dimen150
\Gin@req@width=\dimen151
) (/usr/share/texlive/texmf-dist/tex/latex/pgf/systemlayer/pgfsys.sty (/usr/share/texlive/texmf-dist/tex/generic/pgf/systemlayer/pgfsys.code.tex
Package: pgfsys 2021/05/15 v3.1.9a (3.1.9a)
 (/usr/share/texlive/texmf-dist/tex/generic/pgf/utilities/pgfkeys.code.tex
\pgfkeys@pathtoks=\toks19
\pgfkeys@temptoks=\toks20
 (/usr/share/texlive/texmf-dist/tex/generic/pgf/utilities/pgfkeysfiltered.code.tex
\pgfkeys@tmptoks=\toks21
))
\pgf@x=\dimen152
\pgf@y=\dimen153
\pgf@xa=\dimen154
\pgf@ya=\dimen155
\pgf@xb=\dimen156
\pgf@yb=\dimen157
\pgf@xc=\dimen158
\pgf@yc=\dimen159
\pgf@xd=\dimen160
\pgf@yd=\dimen161
\w@pgf@writea=\write4
\r@pgf@reada=\read2
\c@pgf@counta=\count275
\c@pgf@countb=\count276
\c@pgf@countc=\count277
\c@pgf@countd=\count278
\t@pgf@toka=\toks22
\t@pgf@tokb=\toks23
\t@pgf@tokc=\toks24
\pgf@sys@id@count=\count279
 (/usr/share/texlive/texmf-dist/tex/generic/pgf/systemlayer/pgf.cfg
File: pgf.cfg 2021/05/15 v3.1.9a (3.1.9a)
)
Driver file for pgf: pgfsys-pdftex.def
 (/usr/share/texlive/texmf-dist/tex/generic/pgf/systemlayer/pgfsys-pdftex.def
File: pgfsys-pdftex.def 2021/05/15 v3.1.9a (3.1.9a)
 (/usr/share/texlive/texmf-dist/tex/generic/pgf/systemlayer/pgfsys-common-pdf.def
File: pgfsys-common-pdf.def 2021/05/15 v3.1.9a (3.1.9a)
))) (/usr/share/texlive/texmf-dist/tex/generic/pgf/systemlayer/pgfsyssoftpath.code.tex
File: pgfsyssoftpath.code.tex 2021/05/15 v3.1.9a (3.1.9a)
\pgfsyssoftpath@smallbuffer@items=\count280
\pgfsyssoftpath@bigbuffer@items=\count281
) (/usr/share/texlive/texmf-dist/tex/generic/pgf/systemlayer/pgfsysprotocol.code.tex
File: pgfsysprotocol.code.tex 2021/05/15 v3.1.9a (3.1.9a)
)) (/usr/share/texlive/texmf-dist/tex/latex/xcolor/xcolor.sty
Package: xcolor 2021/10/31 v2.13 LaTeX color extensions (UK)
 (/usr/share/texlive/texmf-dist/tex/latex/graphics-cfg/color.cfg
File: color.cfg 2016/01/02 v1.6 sample color configuration
)
Package xcolor Info: Driver file: pdftex.def on input line 227.
LaTeX Info: Redefining \color on input line 711.
Package xcolor Info: Model `cmy' substituted by `cmy0' on input line 1352.
Package xcolor Info: Model `hsb' substituted by `rgb' on input line 1356.
Package xcolor Info: Model `RGB' extended on input line 1368.
Package xcolor Info: Model `HTML' substituted by `rgb' on input line 1370.
Package xcolor Info: Model `Hsb' substituted by `hsb' on input line 1371.
Package xcolor Info: Model `tHsb' substituted by `hsb' on input line 1372.
Package xcolor Info: Model `HSB' substituted by `hsb' on input line 1373.
Package xcolor Info: Model `Gray' substituted by `gray' on input line 1374.
Package xcolor Info: Model `wave' substituted by `hsb' on input line 1375.
) (/usr/share/texlive/texmf-dist/tex/generic/pgf/basiclayer/pgfcore.code.tex
Package: pgfcore 2021/05/15 v3.1.9a (3.1.9a)
 (/usr/share/texlive/texmf-dist/tex/generic/pgf/math/pgfmath.code.tex (/usr/share/texlive/texmf-dist/tex/generic/pgf/math/pgfmathcalc.code.tex (/usr/share/texlive/texmf-dist/tex/generic/pgf/math/pgfmathutil.code.tex) (/usr/share/texlive/texmf-dist/tex/generic/pgf/math/pgfmathparser.code.tex
\pgfmath@dimen=\dimen162
\pgfmath@count=\count282
\pgfmath@box=\box97
\pgfmath@toks=\toks25
\pgfmath@stack@operand=\toks26
\pgfmath@stack@operation=\toks27
) (/usr/share/texlive/texmf-dist/tex/generic/pgf/math/pgfmathfunctions.code.tex (/usr/share/texlive/texmf-dist/tex/generic/pgf/math/pgfmathfunctions.basic.code.tex) (/usr/share/texlive/texmf-dist/tex/generic/pgf/math/pgfmathfunctions.trigonometric.code.tex) (/usr/share/texlive/texmf-dist/tex/generic/pgf/math/pgfmathfunctions.random.code.tex) (/usr/share/texlive/texmf-dist/tex/generic/pgf/math/pgfmathfunctions.comparison.code.tex) (/usr/share/texlive/texmf-dist/tex/generic/pgf/math/pgfmathfunctions.base.code.tex) (/usr/share/texlive/texmf-dist/tex/generic/pgf/math/pgfmathfunctions.round.code.tex) (/usr/share/texlive/texmf-dist/tex/generic/pgf/math/pgfmathfunctions.misc.code.tex) (/usr/share/texlive/texmf-dist/tex/generic/pgf/math/pgfmathfunctions.integerarithmetics.code.tex))) (/usr/share/texlive/texmf-dist/tex/generic/pgf/math/pgfmathfloat.code.tex
\c@pgfmathroundto@lastzeros=\count283
)) (/usr/share/texlive/texmf-dist/tex/generic/pgf/math/pgfint.code.tex) (/usr/share/texlive/texmf-dist/tex/generic/pgf/basiclayer/pgfcorepoints.code.tex
File: pgfcorepoints.code.tex 2021/05/15 v3.1.9a (3.1.9a)
\pgf@picminx=\dimen163
\pgf@picmaxx=\dimen164
\pgf@picminy=\dimen165
\pgf@picmaxy=\dimen166
\pgf@pathminx=\dimen167
\pgf@pathmaxx=\dimen168
\pgf@pathminy=\dimen169
\pgf@pathmaxy=\dimen170
\pgf@xx=\dimen171
\pgf@xy=\dimen172
\pgf@yx=\dimen173
\pgf@yy=\dimen174
\pgf@zx=\dimen175
\pgf@zy=\dimen176
) (/usr/share/texlive/texmf-dist/tex/generic/pgf/basiclayer/pgfcorepathconstruct.code.tex
File: pgfcorepathconstruct.code.tex 2021/05/15 v3.1.9a (3.1.9a)
\pgf@path@lastx=\dimen177
\pgf@path@lasty=\dimen178
) (/usr/share/texlive/texmf-dist/tex/generic/pgf/basiclayer/pgfcorepathusage.code.tex
File: pgfcorepathusage.code.tex 2021/05/15 v3.1.9a (3.1.9a)
\pgf@shorten@end@additional=\dimen179
\pgf@shorten@start@additional=\dimen180
) (/usr/share/texlive/texmf-dist/tex/generic/pgf/basiclayer/pgfcorescopes.code.tex
File: pgfcorescopes.code.tex 2021/05/15 v3.1.9a (3.1.9a)
\pgfpic=\box98
\pgf@hbox=\box99
\pgf@layerbox@main=\box100
\pgf@picture@serial@count=\count284
) (/usr/share/texlive/texmf-dist/tex/generic/pgf/basiclayer/pgfcoregraphicstate.code.tex
File: pgfcoregraphicstate.code.tex 2021/05/15 v3.1.9a (3.1.9a)
\pgflinewidth=\dimen181
) (/usr/share/texlive/texmf-dist/tex/generic/pgf/basiclayer/pgfcoretransformations.code.tex
File: pgfcoretransformations.code.tex 2021/05/15 v3.1.9a (3.1.9a)
\pgf@pt@x=\dimen182
\pgf@pt@y=\dimen183
\pgf@pt@temp=\dimen184
) (/usr/share/texlive/texmf-dist/tex/generic/pgf/basiclayer/pgfcorequick.code.tex
File: pgfcorequick.code.tex 2021/05/15 v3.1.9a (3.1.9a)
) (/usr/share/texlive/texmf-dist/tex/generic/pgf/basiclayer/pgfcoreobjects.code.tex
File: pgfcoreobjects.code.tex 2021/05/15 v3.1.9a (3.1.9a)
) (/usr/share/texlive/texmf-dist/tex/generic/pgf/basiclayer/pgfcorepathprocessing.code.tex
File: pgfcorepathprocessing.code.tex 2021/05/15 v3.1.9a (3.1.9a)
) (/usr/share/texlive/texmf-dist/tex/generic/pgf/basiclayer/pgfcorearrows.code.tex
File: pgfcorearrows.code.tex 2021/05/15 v3.1.9a (3.1.9a)
\pgfarrowsep=\dimen185
) (/usr/share/texlive/texmf-dist/tex/generic/pgf/basiclayer/pgfcoreshade.code.tex
File: pgfcoreshade.code.tex 2021/05/15 v3.1.9a (3.1.9a)
\pgf@max=\dimen186
\pgf@sys@shading@range@num=\count285
\pgf@shadingcount=\count286
) (/usr/share/texlive/texmf-dist/tex/generic/pgf/basiclayer/pgfcoreimage.code.tex
File: pgfcoreimage.code.tex 2021/05/15 v3.1.9a (3.1.9a)
 (/usr/share/texlive/texmf-dist/tex/generic/pgf/basiclayer/pgfcoreexternal.code.tex
File: pgfcoreexternal.code.tex 2021/05/15 v3.1.9a (3.1.9a)
\pgfexternal@startupbox=\box101
)) (/usr/share/texlive/texmf-dist/tex/generic/pgf/basiclayer/pgfcorelayers.code.tex
File: pgfcorelayers.code.tex 2021/05/15 v3.1.9a (3.1.9a)
) (/usr/share/texlive/texmf-dist/tex/generic/pgf/basiclayer/pgfcoretransparency.code.tex
File: pgfcoretransparency.code.tex 2021/05/15 v3.1.9a (3.1.9a)
) (/usr/share/texlive/texmf-dist/tex/generic/pgf/basiclayer/pgfcorepatterns.code.tex
File: pgfcorepatterns.code.tex 2021/05/15 v3.1.9a (3.1.9a)
) (/usr/share/texlive/texmf-dist/tex/generic/pgf/basiclayer/pgfcorerdf.code.tex
File: pgfcorerdf.code.tex 2021/05/15 v3.1.9a (3.1.9a)
))) (/usr/share/texlive/texmf-dist/tex/generic/pgf/modules/pgfmoduleshapes.code.tex
File: pgfmoduleshapes.code.tex 2021/05/15 v3.1.9a (3.1.9a)
\pgfnodeparttextbox=\box102
) (/usr/share/texlive/texmf-dist/tex/generic/pgf/modules/pgfmoduleplot.code.tex
File: pgfmoduleplot.code.tex 2021/05/15 v3.1.9a (3.1.9a)
) (/usr/share/texlive/texmf-dist/tex/latex/pgf/compatibility/pgfcomp-version-0-65.sty
Package: pgfcomp-version-0-65 2021/05/15 v3.1.9a (3.1.9a)
\pgf@nodesepstart=\dimen187
\pgf@nodesepend=\dimen188
) (/usr/share/texlive/texmf-dist/tex/latex/pgf/compatibility/pgfcomp-version-1-18.sty
Package: pgfcomp-version-1-18 2021/05/15 v3.1.9a (3.1.9a)
)) (/usr/share/texlive/texmf-dist/tex/latex/pgf/utilities/pgffor.sty (/usr/share/texlive/texmf-dist/tex/latex/pgf/utilities/pgfkeys.sty (/usr/share/texlive/texmf-dist/tex/generic/pgf/utilities/pgfkeys.code.tex)) (/usr/share/texlive/texmf-dist/tex/latex/pgf/math/pgfmath.sty (/usr/share/texlive/texmf-dist/tex/generic/pgf/math/pgfmath.code.tex)) (/usr/share/texlive/texmf-dist/tex/generic/pgf/utilities/pgffor.code.tex
Package: pgffor 2021/05/15 v3.1.9a (3.1.9a)
 (/usr/share/texlive/texmf-dist/tex/generic/pgf/math/pgfmath.code.tex)
\pgffor@iter=\dimen189
\pgffor@skip=\dimen190
\pgffor@stack=\toks28
\pgffor@toks=\toks29
)) (/usr/share/texlive/texmf-dist/tex/generic/pgf/frontendlayer/tikz/tikz.code.tex
Package: tikz 2021/05/15 v3.1.9a (3.1.9a)
 (/usr/share/texlive/texmf-dist/tex/generic/pgf/libraries/pgflibraryplothandlers.code.tex
File: pgflibraryplothandlers.code.tex 2021/05/15 v3.1.9a (3.1.9a)
\pgf@plot@mark@count=\count287
\pgfplotmarksize=\dimen191
)
\tikz@lastx=\dimen192
\tikz@lasty=\dimen193
\tikz@lastxsaved=\dimen194
\tikz@lastysaved=\dimen195
\tikz@lastmovetox=\dimen196
\tikz@lastmovetoy=\dimen197
\tikzleveldistance=\dimen198
\tikzsiblingdistance=\dimen199
\tikz@figbox=\box103
\tikz@figbox@bg=\box104
\tikz@tempbox=\box105
\tikz@tempbox@bg=\box106
\tikztreelevel=\count288
\tikznumberofchildren=\count289
\tikznumberofcurrentchild=\count290
\tikz@fig@count=\count291
 (/usr/share/texlive/texmf-dist/tex/generic/pgf/modules/pgfmodulematrix.code.tex
File: pgfmodulematrix.code.tex 2021/05/15 v3.1.9a (3.1.9a)
\pgfmatrixcurrentrow=\count292
\pgfmatrixcurrentcolumn=\count293
\pgf@matrix@numberofcolumns=\count294
)
\tikz@expandcount=\count295
 (/usr/share/texlive/texmf-dist/tex/generic/pgf/frontendlayer/tikz/libraries/tikzlibrarytopaths.code.tex
File: tikzlibrarytopaths.code.tex 2021/05/15 v3.1.9a (3.1.9a)
))) (/usr/share/texlive/texmf-dist/tex/latex/mdframed/md-frame-1.mdf
File: md-frame-1.mdf 2013/07/01\ 1.9b: md-frame-1
)
\mdf@frametitlebox=\box107
\mdf@footnotebox=\box108
\mdf@splitbox@one=\box109
\mdf@splitbox@two=\box110
\mdf@splitbox@save=\box111
\mdfsplitboxwidth=\skip91
\mdfsplitboxtotalwidth=\skip92
\mdfsplitboxheight=\skip93
\mdfsplitboxdepth=\skip94
\mdfsplitboxtotalheight=\skip95
\mdfframetitleboxwidth=\skip96
\mdfframetitleboxtotalwidth=\skip97
\mdfframetitleboxheight=\skip98
\mdfframetitleboxdepth=\skip99
\mdfframetitleboxtotalheight=\skip100
\mdffootnoteboxwidth=\skip101
\mdffootnoteboxtotalwidth=\skip102
\mdffootnoteboxheight=\skip103
\mdffootnoteboxdepth=\skip104
\mdffootnoteboxtotalheight=\skip105
\mdftotallinewidth=\skip106
\mdfboundingboxwidth=\skip107
\mdfboundingboxtotalwidth=\skip108
\mdfboundingboxheight=\skip109
\mdfboundingboxdepth=\skip110
\mdfboundingboxtotalheight=\skip111
\mdf@freevspace@length=\skip112
\mdf@horizontalwidthofbox@length=\skip113
\mdf@verticalmarginwhole@length=\skip114
\mdf@horizontalspaceofbox=\skip115
\mdfsubtitleheight=\skip116
\mdfsubsubtitleheight=\skip117
\c@mdfcountframes=\count296

****** mdframed patching \endmdf@trivlist

****** -- success******

\mdf@envdepth=\count297
\c@mdf@env@i=\count298
\c@mdf@env@ii=\count299
\c@mdf@zref@counter=\count300
Package zref Info: New property: mdf@pagevalue on input line 895.
) (/usr/share/texlive/texmf-dist/tex/latex/mhchem/mhchem.sty
Package: mhchem 2021/12/31 v4.09 for typesetting chemical formulae
 (/usr/share/texlive/texmf-dist/tex/latex/l3packages/l3keys2e/l3keys2e.sty
Package: l3keys2e 2022-01-12 LaTeX2e option processing using LaTeX3 keys
) (/usr/share/texlive/texmf-dist/tex/latex/tools/calc.sty
Package: calc 2017/05/25 v4.3 Infix arithmetic (KKT,FJ)
\calc@Acount=\count301
\calc@Bcount=\count302
\calc@Adimen=\dimen256
\calc@Bdimen=\dimen257
\calc@Askip=\skip118
\calc@Bskip=\skip119
LaTeX Info: Redefining \setlength on input line 80.
LaTeX Info: Redefining \addtolength on input line 81.
\calc@Ccount=\count303
\calc@Cskip=\skip120
) (/usr/share/texlive/texmf-dist/tex/latex/amsmath/amsmath.sty
Package: amsmath 2021/10/15 v2.17l AMS math features
\@mathmargin=\skip121

For additional information on amsmath, use the `?' option.
(/usr/share/texlive/texmf-dist/tex/latex/amsmath/amstext.sty
Package: amstext 2021/08/26 v2.01 AMS text
 (/usr/share/texlive/texmf-dist/tex/latex/amsmath/amsgen.sty
File: amsgen.sty 1999/11/30 v2.0 generic functions
\@emptytoks=\toks30
\ex@=\dimen258
)) (/usr/share/texlive/texmf-dist/tex/latex/amsmath/amsbsy.sty
Package: amsbsy 1999/11/29 v1.2d Bold Symbols
\pmbraise@=\dimen259
) (/usr/share/texlive/texmf-dist/tex/latex/amsmath/amsopn.sty
Package: amsopn 2021/08/26 v2.02 operator names
)
\inf@bad=\count304
LaTeX Info: Redefining \frac on input line 234.
\uproot@=\count305
\leftroot@=\count306
LaTeX Info: Redefining \overline on input line 399.
\classnum@=\count307
\DOTSCASE@=\count308
LaTeX Info: Redefining \ldots on input line 496.
LaTeX Info: Redefining \dots on input line 499.
LaTeX Info: Redefining \cdots on input line 620.
\Mathstrutbox@=\box112
\strutbox@=\box113
\big@size=\dimen260
LaTeX Font Info:    Redeclaring font encoding OML on input line 743.
LaTeX Font Info:    Redeclaring font encoding OMS on input line 744.
\macc@depth=\count309
\c@MaxMatrixCols=\count310
\dotsspace@=\muskip16
\c@parentequation=\count311
\dspbrk@lvl=\count312
\tag@help=\toks31
\row@=\count313
\column@=\count314
\maxfields@=\count315
\andhelp@=\toks32
\eqnshift@=\dimen261
\alignsep@=\dimen262
\tagshift@=\dimen263
\tagwidth@=\dimen264
\totwidth@=\dimen265
\lineht@=\dimen266
\@envbody=\toks33
\multlinegap=\skip122
\multlinetaggap=\skip123
\mathdisplay@stack=\toks34
LaTeX Info: Redefining \[ on input line 2938.
LaTeX Info: Redefining \] on input line 2939.
) (/usr/share/texlive/texmf-dist/tex/latex/chemgreek/chemgreek.sty
Package: chemgreek 2020/01/16 v1.1a interface for upright Greek letters for use in chemistry (CN)
\l__chemgreek_tmpa_int=\count316
\g__chemgreek_tmpa_int=\count317
)
\l__mhchem_ce_distanceFromLastComma_int=\count318
\__mhchem_arrow_extPgfLength_skip=\skip124
\mhchem@minispace@tmp=\skip125
\mhchem@minibackspace@tmp=\skip126
\mhchem@bondwidth=\skip127
\mhchem@bondheight=\skip128
\mhchem@smallbondwidth@tmpA=\skip129
\mhchem@smallbondwidth@tmpB=\skip130
\mhchem@smallbondwidth=\skip131
\mhchem@bondtmp@minussidebearingleft=\skip132
\mhchem@bondtmp@minussidebearingright=\skip133
\l__mhchem_option_version_int=\count319
\mhchem@option@minusmathsidebearingleft=\dimen267
\mhchem@option@minusmathsidebearingright=\dimen268
\mhchem@option@minustextsidebearingleft=\dimen269
\mhchem@option@minustextsidebearingright=\dimen270
) (/usr/share/texlive/texmf-dist/tex/generic/chemfig/chemfig.sty (/usr/share/texlive/texmf-dist/tex/generic/chemfig/chemfig.tex (/usr/share/texlive/texmf-dist/tex/generic/simplekv/simplekv.tex
Package: simplekv 2020/04/27 v0.2 Simple keyval package (CT)
) (/usr/share/texlive/texmf-dist/tex/generic/pgf/libraries/pgflibraryarrows.meta.code.tex
File: pgflibraryarrows.meta.code.tex 2021/05/15 v3.1.9a (3.1.9a)
\pgfarrowinset=\dimen271
\pgfarrowlength=\dimen272
\pgfarrowwidth=\dimen273
\pgfarrowlinewidth=\dimen274
)
\CF_cntatomgroup=\count320
\CF_cntgroup=\count321
\CF_cntatom=\count322
\CF_cntcycle=\count323
\CF_cntcyclebonds=\count324
\CF_cntcompound=\count325
\CF_dim=\dimen275
\CF_arrowsize=\dimen276
\CF_zero=\dimen277
\CF_box=\box114
\CF_boxstuff=\box115
\CF_testbox=\box116
\CF_chargebox=\box117
\CF_substtoks=\toks35
)
Package: chemfig 2021/08/01 v1.6b Draw molecule with an easy syntax (CT)
) (/usr/share/texlive/texmf-dist/tex/latex/tools/indentfirst.sty
Package: indentfirst 1995/11/23 v1.03 Indent first paragraph (DPC)
) (/usr/share/texlive/texmf-dist/tex/latex/float/float.sty
Package: float 2001/11/08 v1.3d Float enhancements (AL)
\c@float@type=\count326
\float@exts=\toks36
\float@box=\box118
\@float@everytoks=\toks37
\@floatcapt=\box119
) (/usr/share/texlive/texmf-dist/tex/latex/minitoc/minitoc.sty
Package: minitoc 2018/07/12 v62 Package minitoc
 (/usr/share/texlive/texmf-dist/tex/latex/minitoc/mtcmess.sty
Package: mtcmess 2006/03/14
)
Package minitoc Info: I0001
(minitoc)             *** minitoc package, version 62 ***.
\tf@mtc=\write5
\mtcindent=\skip134
\mtcskipamount=\skip135
Package minitoc Info: I0005
(minitoc)             compatible with hyperref.
Package minitoc Info: I0023
(minitoc)             part level macros available.
Package minitoc Info: I0003
(minitoc)             chapter level macros available.
\mtc@toks=\toks38
\mtc@strutbox=\box120
\mtc@hstrutbox=\box121
Package minitoc Info: I0002
(minitoc)             Autoconfiguration of extensions.
\openout5 = `minitoc.mtc0'.

\openout5 = `minitoc.mtc'.

 (./minitoc.mtc0)
Package minitoc Info: I0012
(minitoc)             Long extensions (Unix-like) will be used.
Package minitoc Info: I0031
(minitoc)             ==> this version is configured for UNIX-like 
(minitoc)                 (long extensions) file names.
\openout5 = `minitoc.mtc'.

\openout5 = `minitoc.mtc0'.

\c@mtc=\count327
\c@minitocdepth=\count328
\c@ptc=\count329
\c@parttocdepth=\count330
\ptcindent=\skip136
Package minitoc Info: I0010
(minitoc)             The english language is selected.
(minitoc)              on input line 4910.
 (/usr/share/texlive/texmf-dist/tex/latex/minitoc/english.mld
File: english.mld 2006/01/13
) (/usr/share/texlive/texmf-dist/tex/latex/minitoc/english.mld
File: english.mld 2006/01/13
)) (/usr/share/texlive/texmf-dist/tex/latex/wrapfig/wrapfig.sty
\wrapoverhang=\dimen278
\WF@size=\dimen279
\c@WF@wrappedlines=\count331
\WF@box=\box122
\WF@everypar=\toks39
Package: wrapfig 2003/01/31  v 3.6
) (/usr/share/texlive/texmf-dist/tex/latex/subfigure/subfigure.sty
Package: subfigure 2002/03/15 v2.1.5 subfigure package
\subfigtopskip=\skip137
\subfigcapskip=\skip138
\subfigcaptopadj=\dimen280
\subfigbottomskip=\skip139
\subfigcapmargin=\dimen281
\subfiglabelskip=\skip140
\c@subfigure=\count332
\c@lofdepth=\count333
\c@subtable=\count334
\c@lotdepth=\count335

****************************************
* Local config file subfigure.cfg used *
****************************************
(/usr/share/texlive/texmf-dist/tex/latex/subfigure/subfigure.cfg)
\subfig@top=\skip141
\subfig@bottom=\skip142
) (/usr/share/texlive/texmf-dist/tex/latex/base/textcomp.sty
Package: textcomp 2020/02/02 v2.0n Standard LaTeX package
) (/usr/share/texlive/texmf-dist/tex/latex/pgfplots/pgfplots.sty (/usr/share/texlive/texmf-dist/tex/generic/pgfplots/pgfplots.revision.tex)
Package: pgfplots 2021/05/15 v1.18.1 Data Visualization (1.18.1)
 (/usr/share/texlive/texmf-dist/tex/generic/pgfplots/pgfplots.code.tex (/usr/share/texlive/texmf-dist/tex/generic/pgfplots/pgfplotscore.code.tex
\t@pgfplots@toka=\toks40
\t@pgfplots@tokb=\toks41
\t@pgfplots@tokc=\toks42
\pgfplots@tmpa=\dimen282
\c@pgfplots@coordindex=\count336
\c@pgfplots@scanlineindex=\count337
 (/usr/share/texlive/texmf-dist/tex/generic/pgfplots/sys/pgfplotssysgeneric.code.tex)) (/usr/share/texlive/texmf-dist/tex/generic/pgfplots/libs/pgfplotslibrary.code.tex) (/usr/share/texlive/texmf-dist/tex/generic/pgfplots/oldpgfcompatib/pgfplotsoldpgfsupp_loader.code.tex (/usr/share/texlive/texmf-dist/tex/generic/pgf/libraries/pgflibraryfpu.code.tex)) (/usr/share/texlive/texmf-dist/tex/generic/pgfplots/util/pgfplotsutil.code.tex (/usr/share/texlive/texmf-dist/tex/generic/pgfplots/liststructure/pgfplotsliststructure.code.tex) (/usr/share/texlive/texmf-dist/tex/generic/pgfplots/liststructure/pgfplotsliststructureext.code.tex) (/usr/share/texlive/texmf-dist/tex/generic/pgfplots/liststructure/pgfplotsarray.code.tex
\c@pgfplotsarray@tmp=\count338
) (/usr/share/texlive/texmf-dist/tex/generic/pgfplots/liststructure/pgfplotsmatrix.code.tex) (/usr/share/texlive/texmf-dist/tex/generic/pgfplots/numtable/pgfplotstableshared.code.tex
\c@pgfplotstable@counta=\count339
\t@pgfplotstable@a=\toks43
) (/usr/share/texlive/texmf-dist/tex/generic/pgfplots/liststructure/pgfplotsdeque.code.tex) (/usr/share/texlive/texmf-dist/tex/generic/pgfplots/util/pgfplotsbinary.code.tex (/usr/share/texlive/texmf-dist/tex/generic/pgfplots/util/pgfplotsbinary.data.code.tex)) (/usr/share/texlive/texmf-dist/tex/generic/pgfplots/util/pgfplotsutil.verb.code.tex) (/usr/share/texlive/texmf-dist/tex/generic/pgfplots/libs/pgflibrarypgfplots.surfshading.code.tex
\c@pgfplotslibrarysurf@no=\count340
 (/usr/share/texlive/texmf-dist/tex/generic/pgfplots/sys/pgflibrarypgfplots.surfshading.pgfsys-pdftex.def))) (/usr/share/texlive/texmf-dist/tex/generic/pgfplots/util/pgfplotscolormap.code.tex (/usr/share/texlive/texmf-dist/tex/generic/pgfplots/util/pgfplotscolor.code.tex)) (/usr/share/texlive/texmf-dist/tex/generic/pgfplots/pgfplotsstackedplots.code.tex) (/usr/share/texlive/texmf-dist/tex/generic/pgfplots/pgfplotsplothandlers.code.tex (/usr/share/texlive/texmf-dist/tex/generic/pgfplots/pgfplotsmeshplothandler.code.tex (/usr/share/texlive/texmf-dist/tex/generic/pgfplots/pgfplotsmeshplotimage.code.tex))) (/usr/share/texlive/texmf-dist/tex/generic/pgfplots/pgfplots.scaling.code.tex) (/usr/share/texlive/texmf-dist/tex/generic/pgfplots/pgfplotscoordprocessing.code.tex) (/usr/share/texlive/texmf-dist/tex/generic/pgfplots/pgfplots.errorbars.code.tex) (/usr/share/texlive/texmf-dist/tex/generic/pgfplots/pgfplots.markers.code.tex) (/usr/share/texlive/texmf-dist/tex/generic/pgfplots/pgfplotsticks.code.tex) (/usr/share/texlive/texmf-dist/tex/generic/pgfplots/pgfplots.paths.code.tex) (/usr/share/texlive/texmf-dist/tex/generic/pgf/frontendlayer/tikz/libraries/tikzlibrarydecorations.code.tex (/usr/share/texlive/texmf-dist/tex/generic/pgf/modules/pgfmoduledecorations.code.tex
\pgfdecoratedcompleteddistance=\dimen283
\pgfdecoratedremainingdistance=\dimen284
\pgfdecoratedinputsegmentcompleteddistance=\dimen285
\pgfdecoratedinputsegmentremainingdistance=\dimen286
\pgf@decorate@distancetomove=\dimen287
\pgf@decorate@repeatstate=\count341
\pgfdecorationsegmentamplitude=\dimen288
\pgfdecorationsegmentlength=\dimen289
)
\tikz@lib@dec@box=\box123
) (/usr/share/texlive/texmf-dist/tex/generic/pgf/frontendlayer/tikz/libraries/tikzlibrarydecorations.pathmorphing.code.tex (/usr/share/texlive/texmf-dist/tex/generic/pgf/libraries/decorations/pgflibrarydecorations.pathmorphing.code.tex)) (/usr/share/texlive/texmf-dist/tex/generic/pgf/frontendlayer/tikz/libraries/tikzlibrarydecorations.pathreplacing.code.tex (/usr/share/texlive/texmf-dist/tex/generic/pgf/libraries/decorations/pgflibrarydecorations.pathreplacing.code.tex)) (/usr/share/texlive/texmf-dist/tex/generic/pgfplots/libs/tikzlibrarypgfplots.contourlua.code.tex)
\pgfplots@numplots=\count342
\pgfplots@xmin@reg=\dimen290
\pgfplots@xmax@reg=\dimen291
\pgfplots@ymin@reg=\dimen292
\pgfplots@ymax@reg=\dimen293
\pgfplots@zmin@reg=\dimen294
\pgfplots@zmax@reg=\dimen295
) (/usr/share/texlive/texmf-dist/tex/generic/pgf/frontendlayer/tikz/libraries/tikzlibraryplotmarks.code.tex
File: tikzlibraryplotmarks.code.tex 2021/05/15 v3.1.9a (3.1.9a)
 (/usr/share/texlive/texmf-dist/tex/generic/pgf/libraries/pgflibraryplotmarks.code.tex
File: pgflibraryplotmarks.code.tex 2021/05/15 v3.1.9a (3.1.9a)
))) (/usr/share/texlive/texmf-dist/tex/latex/relsize/relsize.sty
Package: relsize 2013/03/29 ver 4.1
) (/usr/share/texlive/texmf-dist/tex/latex/enumitem/enumitem.sty
Package: enumitem 2019/06/20 v3.9 Customized lists
\enitkv@toks@=\toks44
\labelindent=\skip143
\enit@outerparindent=\dimen296
\enit@toks=\toks45
\enit@inbox=\box124
\enit@count@id=\count343
\enitdp@description=\count344
) (/usr/share/texlive/texmf-dist/tex/latex/adjustbox/adjustbox.sty
Package: adjustbox 2020/08/19 v1.3 Adjusting TeX boxes (trim, clip, ...)
 (/usr/share/texlive/texmf-dist/tex/latex/adjustbox/adjcalc.sty
Package: adjcalc 2012/05/16 v1.1 Provides advanced setlength with multiple back-ends (calc, etex, pgfmath)
) (/usr/share/texlive/texmf-dist/tex/latex/adjustbox/trimclip.sty
Package: trimclip 2020/08/19 v1.2 Trim and clip general TeX material
 (/usr/share/texlive/texmf-dist/tex/latex/collectbox/collectbox.sty
Package: collectbox 2012/05/17 v0.4b Collect macro arguments as boxes
\collectedbox=\box125
)
\tc@llx=\dimen297
\tc@lly=\dimen298
\tc@urx=\dimen299
\tc@ury=\dimen300
Package trimclip Info: Using driver 'tc-pdftex.def'.
 (/usr/share/texlive/texmf-dist/tex/latex/adjustbox/tc-pdftex.def
File: tc-pdftex.def 2019/01/04 v2.2 Clipping driver for pdftex
))
\adjbox@Width=\dimen301
\adjbox@Height=\dimen302
\adjbox@Depth=\dimen303
\adjbox@Totalheight=\dimen304
\adjbox@pwidth=\dimen305
\adjbox@pheight=\dimen306
\adjbox@pdepth=\dimen307
\adjbox@ptotalheight=\dimen308
 (/usr/share/texlive/texmf-dist/tex/latex/ifoddpage/ifoddpage.sty
Package: ifoddpage 2016/04/23 v1.1 Conditionals for odd/even page detection
\c@checkoddpage=\count345
) (/usr/share/texlive/texmf-dist/tex/latex/varwidth/varwidth.sty
Package: varwidth 2009/03/30 ver 0.92;  Variable-width minipages
\@vwid@box=\box126
\sift@deathcycles=\count346
\@vwid@loff=\dimen309
\@vwid@roff=\dimen310
))
Package minitoc Info: I0017
(minitoc)             \mtcsettitle redefines the macro 
(minitoc)             "mtctitle" as 
(minitoc)             "Conteúdo" on input line 29.
Package minitoc Info: I0008
(minitoc)             Horizontal rules are inhibited 
(minitoc)             for the minitocs on input line 30.
 (/usr/share/texlive/texmf-dist/tex/latex/caption/caption.sty
Package: caption 2020/10/26 v3.5g Customizing captions (AR)
 (/usr/share/texlive/texmf-dist/tex/latex/caption/caption3.sty
Package: caption3 2020/10/21 v2.2e caption3 kernel (AR)
\captionmargin=\dimen311
\captionmargin@=\dimen312
\captionwidth=\dimen313
\caption@tempdima=\dimen314
\caption@indent=\dimen315
\caption@parindent=\dimen316
\caption@hangindent=\dimen317
Package caption Info: Standard document class detected.
)
\c@caption@flags=\count347
\c@continuedfloat=\count348
Package caption Info: float package is loaded.
Package caption Info: subfigure package is loaded.
Package caption Info: wrapfig package is loaded.
) (/usr/share/texlive/texmf-dist/tex/latex/base/inputenc.sty
Package: inputenc 2021/02/14 v1.3d Input encoding file
\inpenc@prehook=\toks46
\inpenc@posthook=\toks47
) (/usr/share/texlive/texmf-dist/tex/generic/babel/babel.sty
Package: babel 2022/01/26 3.70 The Babel package
\babel@savecnt=\count349
\U@D=\dimen318
\l@unhyphenated=\language87
 (/usr/share/texlive/texmf-dist/tex/generic/babel/txtbabel.def)
\bbl@readstream=\read3
\bbl@dirlevel=\count350
 (/usr/share/texlive/texmf-dist/tex/generic/babel-portuges/brazil.ldf
Language: portuges 2021/07/09 v1.2t Portuguese support from the babel system
Package babel Info: Hyphen rules for 'brazil' set to \l@portuguese
(babel)             (\language16). Reported on input line 111.
Package babel Info: Making " an active character on input line 143.
)) (/usr/share/texlive/texmf-dist/tex/latex/csquotes/csquotes.sty
Package: csquotes 2021-02-22 v5.2l context-sensitive quotations (JAW)
\csq@reset=\count351
\csq@gtype=\count352
\csq@glevel=\count353
\csq@qlevel=\count354
\csq@maxlvl=\count355
\csq@tshold=\count356
\csq@ltx@everypar=\toks48
 (/usr/share/texlive/texmf-dist/tex/latex/csquotes/csquotes.def
File: csquotes.def 2021-02-22 v5.2l csquotes generic definitions (JAW)
)
Package csquotes Info: Trying to load configuration file 'csquotes.cfg'...
Package csquotes Info: ... configuration file loaded successfully.
 (/usr/share/texlive/texmf-dist/tex/latex/csquotes/csquotes.cfg
File: csquotes.cfg 
)) (/usr/share/texlive/texmf-dist/tex/latex/geometry/geometry.sty
Package: geometry 2020/01/02 v5.9 Page Geometry
 (/usr/share/texlive/texmf-dist/tex/generic/iftex/ifvtex.sty
Package: ifvtex 2019/10/25 v1.7 ifvtex legacy package. Use iftex instead.
)
\Gm@cnth=\count357
\Gm@cntv=\count358
\c@Gm@tempcnt=\count359
\Gm@bindingoffset=\dimen319
\Gm@wd@mp=\dimen320
\Gm@odd@mp=\dimen321
\Gm@even@mp=\dimen322
\Gm@layoutwidth=\dimen323
\Gm@layoutheight=\dimen324
\Gm@layouthoffset=\dimen325
\Gm@layoutvoffset=\dimen326
\Gm@dimlist=\toks49
) (/usr/share/texlive/texmf-dist/tex/latex/fncychap/fncychap.sty
Package: fncychap 2007/07/30 v1.34 LaTeX package (Revised chapters)
\RW=\skip144
\mylen=\skip145
\myhi=\skip146
\px=\skip147
\py=\skip148
\pyy=\skip149
\pxx=\skip150
) (/usr/share/texlive/texmf-dist/tex/latex/fira/FiraSans.sty
Package: FiraSans 2019/10/10 (Bob Tennent and autoinst) Style file for Fira Sans fonts.
 (/usr/share/texlive/texmf-dist/tex/latex/fontaxes/fontaxes.sty
Package: fontaxes 2020/07/21 v1.0e Font selection axes
LaTeX Info: Redefining \upshape on input line 29.
LaTeX Info: Redefining \itshape on input line 31.
LaTeX Info: Redefining \slshape on input line 33.
LaTeX Info: Redefining \swshape on input line 35.
LaTeX Info: Redefining \scshape on input line 37.
LaTeX Info: Redefining \sscshape on input line 39.
LaTeX Info: Redefining \ulcshape on input line 41.
LaTeX Info: Redefining \textsw on input line 47.
LaTeX Info: Redefining \textssc on input line 48.
LaTeX Info: Redefining \textulc on input line 49.
)) (/usr/share/texlive/texmf-dist/tex/latex/biblatex/biblatex.sty
Package: biblatex 2022/02/02 v3.17 programmable bibliographies (PK/MW)
 (/usr/share/texlive/texmf-dist/tex/latex/logreq/logreq.sty
Package: logreq 2010/08/04 v1.0 xml request logger
\lrq@indent=\count360
 (/usr/share/texlive/texmf-dist/tex/latex/logreq/logreq.def
File: logreq.def 2010/08/04 v1.0 logreq spec v1.0
)) (/usr/share/texlive/texmf-dist/tex/latex/base/ifthen.sty
Package: ifthen 2020/11/24 v1.1c Standard LaTeX ifthen package (DPC)
) (/usr/share/texlive/texmf-dist/tex/latex/url/url.sty
\Urlmuskip=\muskip17
Package: url 2013/09/16  ver 3.4  Verb mode for urls, etc.
)
\c@tabx@nest=\count361
\c@listtotal=\count362
\c@listcount=\count363
\c@liststart=\count364
\c@liststop=\count365
\c@citecount=\count366
\c@citetotal=\count367
\c@multicitecount=\count368
\c@multicitetotal=\count369
\c@instcount=\count370
\c@maxnames=\count371
\c@minnames=\count372
\c@maxitems=\count373
\c@minitems=\count374
\c@citecounter=\count375
\c@maxcitecounter=\count376
\c@savedcitecounter=\count377
\c@uniquelist=\count378
\c@uniquename=\count379
\c@refsection=\count380
\c@refsegment=\count381
\c@maxextratitle=\count382
\c@maxextratitleyear=\count383
\c@maxextraname=\count384
\c@maxextradate=\count385
\c@maxextraalpha=\count386
\c@abbrvpenalty=\count387
\c@highnamepenalty=\count388
\c@lownamepenalty=\count389
\c@maxparens=\count390
\c@parenlevel=\count391
\blx@tempcnta=\count392
\blx@tempcntb=\count393
\blx@tempcntc=\count394
\c@blx@maxsection=\count395
\c@blx@maxsegment@0=\count396
\blx@notetype=\count397
\blx@parenlevel@text=\count398
\blx@parenlevel@foot=\count399
\c@blx@sectionciteorder@0=\count400
\blx@entrysetcounter=\count401
\blx@biblioinstance=\count402
\labelnumberwidth=\skip151
\labelalphawidth=\skip152
\biblabelsep=\skip153
\bibitemsep=\skip154
\bibnamesep=\skip155
\bibinitsep=\skip156
\bibparsep=\skip157
\bibhang=\skip158
\blx@bcfin=\read4
\blx@bcfout=\write6
\blx@langwohyphens=\language88
\c@mincomprange=\count403
\c@maxcomprange=\count404
\c@mincompwidth=\count405
Package biblatex Info: Trying to load biblatex default data model...
Package biblatex Info: ... file 'blx-dm.def' found.
 (/usr/share/texlive/texmf-dist/tex/latex/biblatex/blx-dm.def
File: blx-dm.def 2022/02/02 v3.17 biblatex localization (PK/MW)
)
Package biblatex Info: Trying to load biblatex custom data model...
Package biblatex Info: ... file 'biblatex-dm.cfg' not found.
\c@afterword=\count406
\c@savedafterword=\count407
\c@annotator=\count408
\c@savedannotator=\count409
\c@author=\count410
\c@savedauthor=\count411
\c@bookauthor=\count412
\c@savedbookauthor=\count413
\c@commentator=\count414
\c@savedcommentator=\count415
\c@editor=\count416
\c@savededitor=\count417
\c@editora=\count418
\c@savededitora=\count419
\c@editorb=\count420
\c@savededitorb=\count421
\c@editorc=\count422
\c@savededitorc=\count423
\c@foreword=\count424
\c@savedforeword=\count425
\c@holder=\count426
\c@savedholder=\count427
\c@introduction=\count428
\c@savedintroduction=\count429
\c@namea=\count430
\c@savednamea=\count431
\c@nameb=\count432
\c@savednameb=\count433
\c@namec=\count434
\c@savednamec=\count435
\c@translator=\count436
\c@savedtranslator=\count437
\c@shortauthor=\count438
\c@savedshortauthor=\count439
\c@shorteditor=\count440
\c@savedshorteditor=\count441
\c@labelname=\count442
\c@savedlabelname=\count443
\c@institution=\count444
\c@savedinstitution=\count445
\c@lista=\count446
\c@savedlista=\count447
\c@listb=\count448
\c@savedlistb=\count449
\c@listc=\count450
\c@savedlistc=\count451
\c@listd=\count452
\c@savedlistd=\count453
\c@liste=\count454
\c@savedliste=\count455
\c@listf=\count456
\c@savedlistf=\count457
\c@location=\count458
\c@savedlocation=\count459
\c@organization=\count460
\c@savedorganization=\count461
\c@origlocation=\count462
\c@savedoriglocation=\count463
\c@origpublisher=\count464
\c@savedorigpublisher=\count465
\c@publisher=\count466
\c@savedpublisher=\count467
\c@language=\count468
\c@savedlanguage=\count469
\c@origlanguage=\count470
\c@savedoriglanguage=\count471
\c@pageref=\count472
\c@savedpageref=\count473
\shorthandwidth=\skip159
\shortjournalwidth=\skip160
\shortserieswidth=\skip161
\shorttitlewidth=\skip162
\shortauthorwidth=\skip163
\shorteditorwidth=\skip164
\locallabelnumberwidth=\skip165
\locallabelalphawidth=\skip166
\localshorthandwidth=\skip167
\localshortjournalwidth=\skip168
\localshortserieswidth=\skip169
\localshorttitlewidth=\skip170
\localshortauthorwidth=\skip171
\localshorteditorwidth=\skip172
Package biblatex Info: Trying to load compatibility code...
Package biblatex Info: ... file 'blx-compat.def' found.
 (/usr/share/texlive/texmf-dist/tex/latex/biblatex/blx-compat.def
File: blx-compat.def 2022/02/02 v3.17 biblatex compatibility (PK/MW)
)
Package biblatex Info: Trying to load generic definitions...
Package biblatex Info: ... file 'biblatex.def' found.
 (/usr/share/texlive/texmf-dist/tex/latex/biblatex/biblatex.def
File: biblatex.def 2022/02/02 v3.17 biblatex compatibility (PK/MW)
\c@textcitecount=\count474
\c@textcitetotal=\count475
\c@textcitemaxnames=\count476
\c@biburlbigbreakpenalty=\count477
\c@biburlbreakpenalty=\count478
\c@biburlnumpenalty=\count479
\c@biburlucpenalty=\count480
\c@biburllcpenalty=\count481
\biburlbigskip=\muskip18
\biburlnumskip=\muskip19
\biburlucskip=\muskip20
\biburllcskip=\muskip21
\c@smartand=\count482
)
Package biblatex Info: Trying to load bibliography style 'numeric'...
Package biblatex Info: ... file 'numeric.bbx' found.
 (/usr/share/texlive/texmf-dist/tex/latex/biblatex/bbx/numeric.bbx
File: numeric.bbx 2022/02/02 v3.17 biblatex bibliography style (PK/MW)
Package biblatex Info: Trying to load bibliography style 'standard'...
Package biblatex Info: ... file 'standard.bbx' found.
 (/usr/share/texlive/texmf-dist/tex/latex/biblatex/bbx/standard.bbx
File: standard.bbx 2022/02/02 v3.17 biblatex bibliography style (PK/MW)
\c@bbx:relatedcount=\count483
\c@bbx:relatedtotal=\count484
))
Package biblatex Info: Trying to load citation style 'numeric'...
Package biblatex Info: ... file 'numeric.cbx' found.
 (/usr/share/texlive/texmf-dist/tex/latex/biblatex/cbx/numeric.cbx
File: numeric.cbx 2022/02/02 v3.17 biblatex citation style (PK/MW)
Package biblatex Info: Redefining '\cite'.
Package biblatex Info: Redefining '\parencite'.
Package biblatex Info: Redefining '\footcite'.
Package biblatex Info: Redefining '\footcitetext'.
Package biblatex Info: Redefining '\smartcite'.
Package biblatex Info: Redefining '\supercite'.
Package biblatex Info: Redefining '\textcite'.
Package biblatex Info: Redefining '\textcites'.
Package biblatex Info: Redefining '\cites'.
Package biblatex Info: Redefining '\parencites'.
Package biblatex Info: Redefining '\smartcites'.
)
Package biblatex Info: Trying to load configuration file...
Package biblatex Info: ... file 'biblatex.cfg' found.
 (/usr/share/texlive/texmf-dist/tex/latex/biblatex/biblatex.cfg
File: biblatex.cfg 
)
Package biblatex Info: Input encoding 'utf8' detected.
Package biblatex Info: Document encoding is UTF8 ....
Package biblatex Info: ... and expl3
(biblatex)             2022-01-21 L3 programming layer (loader) 
(biblatex)             is new enough (at least 2020/04/06),
(biblatex)             setting 'casechanger=expl3'.
 (/usr/share/texlive/texmf-dist/tex/latex/biblatex/blx-case-expl3.sty
Package: blx-case-expl3 2022/02/02 v3.17 expl3 case changing code for biblatex
)) (/usr/share/texlive/texmf-dist/tex/latex/hyperref/hyperref.sty
Package: hyperref 2021-06-07 v7.00m Hypertext links for LaTeX
 (/usr/share/texlive/texmf-dist/tex/generic/pdfescape/pdfescape.sty
Package: pdfescape 2019/12/09 v1.15 Implements pdfTeX's escape features (HO)
) (/usr/share/texlive/texmf-dist/tex/latex/hycolor/hycolor.sty
Package: hycolor 2020-01-27 v1.10 Color options for hyperref/bookmark (HO)
) (/usr/share/texlive/texmf-dist/tex/latex/letltxmacro/letltxmacro.sty
Package: letltxmacro 2019/12/03 v1.6 Let assignment for LaTeX macros (HO)
)
\@linkdim=\dimen327
\Hy@linkcounter=\count485
\Hy@pagecounter=\count486
 (/usr/share/texlive/texmf-dist/tex/latex/hyperref/pd1enc.def
File: pd1enc.def 2021-06-07 v7.00m Hyperref: PDFDocEncoding definition (HO)
Now handling font encoding PD1 ...
... no UTF-8 mapping file for font encoding PD1
) (/usr/share/texlive/texmf-dist/tex/latex/hyperref/hyperref-langpatches.def
File: hyperref-langpatches.def 2021-06-07 v7.00m Hyperref: patches for babel languages
) (/usr/share/texlive/texmf-dist/tex/generic/intcalc/intcalc.sty
Package: intcalc 2019/12/15 v1.3 Expandable calculations with integers (HO)
)
\Hy@SavedSpaceFactor=\count487
 (/usr/share/texlive/texmf-dist/tex/latex/hyperref/puenc.def
File: puenc.def 2021-06-07 v7.00m Hyperref: PDF Unicode definition (HO)
Now handling font encoding PU ...
... no UTF-8 mapping file for font encoding PU
)
Package hyperref Info: Hyper figures OFF on input line 4192.
Package hyperref Info: Link nesting OFF on input line 4197.
Package hyperref Info: Hyper index ON on input line 4200.
Package hyperref Info: Plain pages OFF on input line 4207.
Package hyperref Info: Backreferencing OFF on input line 4212.
Package hyperref Info: Implicit mode ON; LaTeX internals redefined.
Package hyperref Info: Bookmarks ON on input line 4445.
\c@Hy@tempcnt=\count488
LaTeX Info: Redefining \url on input line 4804.
\XeTeXLinkMargin=\dimen328
 (/usr/share/texlive/texmf-dist/tex/generic/bitset/bitset.sty
Package: bitset 2019/12/09 v1.3 Handle bit-vector datatype (HO)
 (/usr/share/texlive/texmf-dist/tex/generic/bigintcalc/bigintcalc.sty
Package: bigintcalc 2019/12/15 v1.5 Expandable calculations on big integers (HO)
))
\Fld@menulength=\count489
\Field@Width=\dimen329
\Fld@charsize=\dimen330
Package hyperref Info: Hyper figures OFF on input line 6076.
Package hyperref Info: Link nesting OFF on input line 6081.
Package hyperref Info: Hyper index ON on input line 6084.
Package hyperref Info: backreferencing OFF on input line 6091.
Package hyperref Info: Link coloring OFF on input line 6096.
Package hyperref Info: Link coloring with OCG OFF on input line 6101.
Package hyperref Info: PDF/A mode OFF on input line 6106.
LaTeX Info: Redefining \ref on input line 6146.
LaTeX Info: Redefining \pageref on input line 6150.
\Hy@abspage=\count490
\c@Item=\count491
\c@Hfootnote=\count492
)
Package hyperref Info: Driver (autodetected): hpdftex.
 (/usr/share/texlive/texmf-dist/tex/latex/hyperref/hpdftex.def
File: hpdftex.def 2021-06-07 v7.00m Hyperref driver for pdfTeX
 (/usr/share/texlive/texmf-dist/tex/latex/base/atveryend-ltx.sty
Package: atveryend-ltx 2020/08/19 v1.0a Emulation of the original atveryend package
with kernel methods
)
\HyAnn@Count=\count493
\Fld@listcount=\count494
\c@bookmark@seq@number=\count495
 (/usr/share/texlive/texmf-dist/tex/latex/rerunfilecheck/rerunfilecheck.sty
Package: rerunfilecheck 2019/12/05 v1.9 Rerun checks for auxiliary files (HO)
 (/usr/share/texlive/texmf-dist/tex/generic/uniquecounter/uniquecounter.sty
Package: uniquecounter 2019/12/15 v1.4 Provide unlimited unique counter (HO)
)
Package uniquecounter Info: New unique counter `rerunfilecheck' on input line 286.
)
\Hy@SectionHShift=\skip173
)
Package hyperref Info: Option `colorlinks' set `true' on input line 50.
 (/usr/share/texlive/texmf-dist/tex/latex/tcolorbox/tcolorbox.sty
Package: tcolorbox 2022/01/07 version 5.0.2 text color boxes
 (/usr/share/texlive/texmf-dist/tex/latex/tools/verbatim.sty
Package: verbatim 2020-07-07 v1.5u LaTeX2e package for verbatim enhancements
\every@verbatim=\toks50
\verbatim@line=\toks51
\verbatim@in@stream=\read5
) (/usr/share/texlive/texmf-dist/tex/latex/environ/environ.sty
Package: environ 2014/05/04 v0.3 A new way to define environments
 (/usr/share/texlive/texmf-dist/tex/latex/trimspaces/trimspaces.sty
Package: trimspaces 2009/09/17 v1.1 Trim spaces around a token list
))
\tcb@titlebox=\box127
\tcb@upperbox=\box128
\tcb@lowerbox=\box129
\tcb@phantombox=\box130
\c@tcbbreakpart=\count496
\c@tcblayer=\count497
\c@tcolorbox@number=\count498
\tcb@temp=\box131
\tcb@temp=\box132
\tcb@temp=\box133
\tcb@temp=\box134
)
Package csquotes Info: Checking for multilingual support...
Package csquotes Info: ... found 'babel' package.
Package csquotes Info: Adjusting default style.
Package csquotes Info: Redefining alias 'default' -> 'brazil'.
LaTeX Font Info:    Trying to load font information for OT1+FiraSans-OsF on input line 54.
 (/usr/share/texlive/texmf-dist/tex/latex/fira/OT1FiraSans-OsF.fd
File: OT1FiraSans-OsF.fd 2019/10/10 (autoinst) Font definitions for OT1/FiraSans-OsF.
)
LaTeX Font Info:    Font shape `OT1/FiraSans-OsF/l/n' in size <12> not available
(Font)              Font shape `OT1/FiraSans-OsF/light/n' tried instead on input line 54.
LaTeX Font Info:    Font shape `OT1/FiraSans-OsF/light/n' will be
(Font)              scaled to size 12.0pt on input line 54.
 (./minitoc.aux (./ligacao_cc.aux) (./funcoes_organicas.aux) (./hidrocarbonetos.aux) (./hidroxil.aux

LaTeX Warning: Label `fig:mpemetanol' multiply defined.

) (./aldeidos_cetonas.aux

LaTeX Warning: Label `fig:' multiply defined.

))
\openout1 = `minitoc.aux'.

LaTeX Font Info:    Checking defaults for OML/cmm/m/it on input line 54.
LaTeX Font Info:    ... okay on input line 54.
LaTeX Font Info:    Checking defaults for OMS/cmsy/m/n on input line 54.
LaTeX Font Info:    ... okay on input line 54.
LaTeX Font Info:    Checking defaults for OT1/cmr/m/n on input line 54.
LaTeX Font Info:    ... okay on input line 54.
LaTeX Font Info:    Checking defaults for T1/cmr/m/n on input line 54.
LaTeX Font Info:    ... okay on input line 54.
LaTeX Font Info:    Checking defaults for TS1/cmr/m/n on input line 54.
LaTeX Font Info:    ... okay on input line 54.
LaTeX Font Info:    Checking defaults for OMX/cmex/m/n on input line 54.
LaTeX Font Info:    ... okay on input line 54.
LaTeX Font Info:    Checking defaults for U/cmr/m/n on input line 54.
LaTeX Font Info:    ... okay on input line 54.
LaTeX Font Info:    Checking defaults for PD1/pdf/m/n on input line 54.
LaTeX Font Info:    ... okay on input line 54.
LaTeX Font Info:    Checking defaults for PU/pdf/m/n on input line 54.
LaTeX Font Info:    ... okay on input line 54.
 (/usr/share/texlive/texmf-dist/tex/context/base/mkii/supp-pdf.mkii
[Loading MPS to PDF converter (version 2006.09.02).]
\scratchcounter=\count499
\scratchdimen=\dimen331
\scratchbox=\box135
\nofMPsegments=\count500
\nofMParguments=\count501
\everyMPshowfont=\toks52
\MPscratchCnt=\count502
\MPscratchDim=\dimen332
\MPnumerator=\count503
\makeMPintoPDFobject=\count504
\everyMPtoPDFconversion=\toks53
) (/usr/share/texlive/texmf-dist/tex/latex/epstopdf-pkg/epstopdf-base.sty
Package: epstopdf-base 2020-01-24 v2.11 Base part for package epstopdf
Package epstopdf-base Info: Redefining graphics rule for `.eps' on input line 485.
 (/usr/share/texlive/texmf-dist/tex/latex/latexconfig/epstopdf-sys.cfg
File: epstopdf-sys.cfg 2010/07/13 v1.3 Configuration of (r)epstopdf for TeX Live
))

Package chemgreek Info: Activating mapping `default' on line 54.

\c@minilofdepth=\count505
\c@minilotdepth=\count506
\c@partlofdepth=\count507
\c@partlotdepth=\count508
\c@sectlofdepth=\count509
\c@sectlotdepth=\count510
Package minitoc(hints) Info: I0049
(minitoc(hints))             ==> You requested the hints option. 
(minitoc(hints))             Some hints are eventually given below.


Package minitoc(hints) Warning: W0030
(minitoc(hints))                --- The \part command is altered 
(minitoc(hints))                after minitoc.


Package minitoc(hints) Warning: W0023
(minitoc(hints))                --- It may be the consequence 
(minitoc(hints))                of loading the ``hyperref'' package.


Package minitoc(hints) Warning: W0028
(minitoc(hints))                --- The \chapter command is altered 
(minitoc(hints))                after minitoc.


Package minitoc(hints) Warning: W0023
(minitoc(hints))                --- It may be the consequence 
(minitoc(hints))                of loading the ``hyperref'' package.

Package pgfplots notification 'compat/show suggested version=true': you might benefit from \pgfplotsset{compat=1.18} (current compat level: 1.9).

Package caption Info: Begin \AtBeginDocument code.
Package caption Info: hyperref package is loaded.
Package caption Info: End \AtBeginDocument code.
*geometry* driver: auto-detecting
*geometry* detected driver: pdftex
*geometry* verbose mode - [ preamble ] result:
* driver: pdftex
* paper: a4paper
* layout: <same size as paper>
* layoutoffset:(h,v)=(0.0pt,0.0pt)
* modes: twoside 
* h-part:(L,W,R)=(56.9055pt, 483.69687pt, 56.9055pt)
* v-part:(T,H,B)=(56.9055pt, 731.23584pt, 56.9055pt)
* \paperwidth=597.50787pt
* \paperheight=845.04684pt
* \textwidth=483.69687pt
* \textheight=731.23584pt
* \oddsidemargin=-15.36449pt
* \evensidemargin=-15.36449pt
* \topmargin=-47.23828pt
* \headheight=12.0pt
* \headsep=19.8738pt
* \topskip=12.0pt
* \footskip=30.0pt
* \marginparwidth=88.0pt
* \marginparsep=7.0pt
* \columnsep=10.0pt
* \skip\footins=10.8pt plus 4.0pt minus 2.0pt
* \hoffset=0.0pt
* \voffset=0.0pt
* \mag=1000
* \@twocolumnfalse
* \@twosidetrue
* \@mparswitchtrue
* \@reversemarginfalse
* (1in=72.27pt=25.4mm, 1cm=28.453pt)

\c@mv@tabular=\count511
\c@mv@boldtabular=\count512
Package biblatex Info: Trying to load language 'brazil'...
Package biblatex Info: ... file 'brazil.lbx' found.
(/usr/share/texlive/texmf-dist/tex/latex/biblatex/lbx/brazil.lbx
File: brazil.lbx 2022/02/02 v3.17 biblatex localization (PK/MW)
Package biblatex Info: Trying to load language 'brazilian'...
Package biblatex Info: ... file 'brazilian.lbx' found.
 (/usr/share/texlive/texmf-dist/tex/latex/biblatex/lbx/brazilian.lbx
File: brazilian.lbx 2022/02/02 v3.17 biblatex localization (PK/MW)
)
Package biblatex Info: Trying to load language 'brazilian'...
Package biblatex Info: ... file 'brazilian.lbx' found.
 (/usr/share/texlive/texmf-dist/tex/latex/biblatex/lbx/brazilian.lbx
File: brazilian.lbx 2022/02/02 v3.17 biblatex localization (PK/MW)
))
Package biblatex Info: Input encoding 'utf8' detected.
Package biblatex Info: Automatic encoding selection.
(biblatex)             Assuming data encoding 'utf8'.
\openout6 = `minitoc.bcf'.

Package biblatex Info: Trying to load bibliographic data...
Package biblatex Info: ... file 'minitoc.bbl' found.
 (./minitoc.bbl)
Package biblatex Info: Reference section=0 on input line 54.
Package biblatex Info: Reference segment=0 on input line 54.
Package hyperref Info: Link coloring ON on input line 54.
 (/usr/share/texlive/texmf-dist/tex/latex/hyperref/nameref.sty
Package: nameref 2021-04-02 v2.47 Cross-referencing by name of section
 (/usr/share/texlive/texmf-dist/tex/latex/refcount/refcount.sty
Package: refcount 2019/12/15 v3.6 Data extraction from label references (HO)
) (/usr/share/texlive/texmf-dist/tex/generic/gettitlestring/gettitlestring.sty
Package: gettitlestring 2019/12/15 v1.6 Cleanup title references (HO)
)
\c@section@level=\count513
)
LaTeX Info: Redefining \ref on input line 54.
LaTeX Info: Redefining \pageref on input line 54.
LaTeX Info: Redefining \nameref on input line 54.
 (./minitoc.out) (./minitoc.out)
\@outlinefile=\write7
\openout7 = `minitoc.out'.

Package minitoc Info: I0024
(minitoc)             PREPARING MINITOCS FROM minitoc.toc on input line 58.
Package minitoc Info: I0033
(minitoc)             Writing minitoc.mtc1.
\openout5 = `minitoc.mtc1'.

Package minitoc Info: I0033
(minitoc)             Writing minitoc.mtc2.
\openout5 = `minitoc.mtc2'.

Package minitoc Info: I0033
(minitoc)             Writing minitoc.mtc3.
\openout5 = `minitoc.mtc3'.

Package minitoc Info: I0033
(minitoc)             Writing minitoc.mtc4.
\openout5 = `minitoc.mtc4'.

Package minitoc Info: I0033
(minitoc)             Writing minitoc.mtc5.
\openout5 = `minitoc.mtc5'.

Package minitoc Info: I0033
(minitoc)             Writing minitoc.mtc6.
\openout5 = `minitoc.mtc6'.

Package minitoc Info: I0033
(minitoc)             Writing minitoc.mtc7.
\openout5 = `minitoc.mtc7'.

Package minitoc Info: I0033
(minitoc)             Writing minitoc.mtc8.
\openout5 = `minitoc.mtc8'.

LaTeX Font Info:    Font shape `OT1/FiraSans-OsF/l/n' in size <20.74> not available
(Font)              Font shape `OT1/FiraSans-OsF/light/n' tried instead on input line 60.
LaTeX Font Info:    Font shape `OT1/FiraSans-OsF/light/n' will be
(Font)              scaled to size 20.74pt on input line 60.
LaTeX Font Info:    Font shape `OT1/FiraSans-OsF/l/n' in size <14.4> not available
(Font)              Font shape `OT1/FiraSans-OsF/light/n' tried instead on input line 60.
LaTeX Font Info:    Font shape `OT1/FiraSans-OsF/light/n' will be
(Font)              scaled to size 14.4pt on input line 60.
 [1



{/var/lib/texmf/fonts/map/pdftex/updmap/pdftex.map}]
LaTeX Font Info:    Font shape `OT1/FiraSans-OsF/l/sl' in size <12> not available
(Font)              Font shape `OT1/FiraSans-OsF/light/sl' tried instead on input line 60.
LaTeX Font Info:    Font shape `OT1/FiraSans-OsF/light/sl' in size <12> not available
(Font)              Font shape `OT1/FiraSans-OsF/light/it' tried instead on input line 60.
LaTeX Font Info:    Font shape `OT1/FiraSans-OsF/light/it' will be
(Font)              scaled to size 12.0pt on input line 60.
 [2

]
LaTeX Font Info:    Font shape `OT1/FiraSans-OsF/l/n' in size <17.28> not available
(Font)              Font shape `OT1/FiraSans-OsF/light/n' tried instead on input line 60.
LaTeX Font Info:    Font shape `OT1/FiraSans-OsF/light/n' will be
(Font)              scaled to size 17.28pt on input line 60.
 (./minitoc.toc
LaTeX Font Info:    Font shape `OT1/FiraSans-OsF/b/n' in size <12> not available
(Font)              Font shape `OT1/FiraSans-OsF/bold/n' tried instead on input line 2.
LaTeX Font Info:    Font shape `OT1/FiraSans-OsF/bold/n' will be
(Font)              scaled to size 12.0pt on input line 2.
 [3])
\tf@toc=\write8
\openout8 = `minitoc.toc'.

 [4] (./minitoc.lof
LaTeX Font Info:    Font shape `OT1/FiraSans-OsF/l/n' in size <8> not available
(Font)              Font shape `OT1/FiraSans-OsF/light/n' tried instead on input line 18.
LaTeX Font Info:    Font shape `OT1/FiraSans-OsF/light/n' will be
(Font)              scaled to size 8.0pt on input line 18.
LaTeX Font Info:    Font shape `OT1/FiraSans-OsF/l/n' in size <6> not available
(Font)              Font shape `OT1/FiraSans-OsF/light/n' tried instead on input line 18.
LaTeX Font Info:    Font shape `OT1/FiraSans-OsF/light/n' will be
(Font)              scaled to size 6.0pt on input line 18.
 [5

]
LaTeX Font Info:    Trying to load font information for TS1+FiraSans-OsF on input line 61.
 (/usr/share/texlive/texmf-dist/tex/latex/fira/TS1FiraSans-OsF.fd
File: TS1FiraSans-OsF.fd 2019/10/10 (autoinst) Font definitions for TS1/FiraSans-OsF.
)
LaTeX Font Info:    Font shape `TS1/FiraSans-OsF/l/n' in size <12> not available
(Font)              Font shape `TS1/FiraSans-OsF/light/n' tried instead on input line 61.
LaTeX Font Info:    Font shape `TS1/FiraSans-OsF/light/n' will be
(Font)              scaled to size 12.0pt on input line 61.
)
\tf@lof=\write9
\openout9 = `minitoc.lof'.

 [6] (./minitoc.lot)
\tf@lot=\write10
\openout10 = `minitoc.lot'.

 [7

] [8

]
Cap\'{\i }tulo 1.
LaTeX Font Info:    Font shape `OT1/FiraSans-OsF/l/n' in size <24.88> not available
(Font)              Font shape `OT1/FiraSans-OsF/light/n' tried instead on input line 66.
LaTeX Font Info:    Font shape `OT1/FiraSans-OsF/light/n' will be
(Font)              scaled to size 24.88pt on input line 66.
Package mdframed Info: mdframed works in twoside mode on input line 67.
\openout5 = `minitoc.mtc'.

\openout5 = `minitoc.mtc'.

LaTeX Font Info:    Font shape `OT1/FiraSans-OsF/l/n' in size <10.95> not available
(Font)              Font shape `OT1/FiraSans-OsF/light/n' tried instead on input line 69.
LaTeX Font Info:    Font shape `OT1/FiraSans-OsF/light/n' will be
(Font)              scaled to size 10.95pt on input line 69.
(./minitoc.mtc1)
LaTeX Font Info:    Font shape `OT1/FiraSans-OsF/l/n' in size <10> not available
(Font)              Font shape `OT1/FiraSans-OsF/light/n' tried instead on input line 74.
LaTeX Font Info:    Font shape `OT1/FiraSans-OsF/light/n' will be
(Font)              scaled to size 10.0pt on input line 74.
LaTeX Font Info:    Font shape `OT1/FiraSans-OsF/l/n' in size <7> not available
(Font)              Font shape `OT1/FiraSans-OsF/light/n' tried instead on input line 74.
LaTeX Font Info:    Font shape `OT1/FiraSans-OsF/light/n' will be
(Font)              scaled to size 7.0pt on input line 74.

Overfull \hbox (5.02173pt too wide) in paragraph at lines 76--77
[]\OT1/FiraSans-OsF/light/n/12 Analisando a fi-gura, po-de-mos per-ce-ber a for[]a el[]etrica \OT1/FiraSans-OsF/bold/n/12 re-pul-siva \OT1/FiraSans-OsF/light/n/12 en-tre as duas part[]^^Pculas
 []

[1

]
<imagens/ar2.png, id=442, 989.6975pt x 604.2575pt>
File: imagens/ar2.png Graphic file (type png)
<use imagens/ar2.png>
Package pdftex.def Info: imagens/ar2.png  used on input line 82.
(pdftex.def)             Requested size: 241.84843pt x 147.65253pt.
LaTeX Font Info:    Font shape `OT1/FiraSans-OsF/b/n' in size <17.28> not available
(Font)              Font shape `OT1/FiraSans-OsF/bold/n' tried instead on input line 87.
LaTeX Font Info:    Font shape `OT1/FiraSans-OsF/bold/n' will be
(Font)              scaled to size 17.28pt on input line 87.
<imagens/boson2.png, id=446, 1395.2125pt x 1334.9875pt>
File: imagens/boson2.png Graphic file (type png)
<use imagens/boson2.png>
Package pdftex.def Info: imagens/boson2.png  used on input line 95.
(pdftex.def)             Requested size: 362.77264pt x 347.10893pt.

Underfull \vbox (badness 10000) has occurred while \output is active []

 [2 <./imagens/ar2.png>] [3 <./imagens/boson2.png>]
<imagens/diagrama-hr-completo.jpg, id=472, 702.625pt x 528.885pt>
File: imagens/diagrama-hr-completo.jpg Graphic file (type jpg)
<use imagens/diagrama-hr-completo.jpg>
Package pdftex.def Info: imagens/diagrama-hr-completo.jpg  used on input line 127.
(pdftex.def)             Requested size: 483.69687pt x 364.09981pt.


LaTeX Warning: `h' float specifier changed to `ht'.

[4] [5 <./imagens/diagrama-hr-completo.jpg>]
<imagens/ta.png, id=488, 903.375pt x 602.25pt>
File: imagens/ta.png Graphic file (type png)
<use imagens/ta.png>
Package pdftex.def Info: imagens/ta.png  used on input line 151.
(pdftex.def)             Requested size: 362.77264pt x 241.85144pt.
 [6 <./imagens/ta.png>] [7] [8

]
Cap\'{\i }tulo 2.
Package mdframed Info: mdframed works in twoside mode on input line 169.
\openout5 = `minitoc.mtc'.

\openout5 = `minitoc.mtc'.

(./minitoc.mtc2)
<imagens/figura 4.png, id=512, 692.5875pt x 430.60875pt>
File: imagens/figura 4.png Graphic file (type png)
<use imagens/figura 4.png>
Package pdftex.def Info: imagens/figura 4.png  used on input line 181.
(pdftex.def)             Requested size: 411.14528pt x 255.6273pt.


LaTeX Warning: `h' float specifier changed to `ht'.

[9]
<imagens/wohler.jpg, id=517, 324.46219pt x 208.52907pt>
File: imagens/wohler.jpg Graphic file (type jpg)
<use imagens/wohler.jpg>
Package pdftex.def Info: imagens/wohler.jpg  used on input line 200.
(pdftex.def)             Requested size: 241.84843pt x 155.43547pt.
 [10 <./imagens/figura 4.png (PNG copy)> <./imagens/wohler.jpg>]
<imagens/Urea_Synthesis_Woehler.png, id=523, 425.48962pt x 89.43413pt>
File: imagens/Urea_Synthesis_Woehler.png Graphic file (type png)
<use imagens/Urea_Synthesis_Woehler.png>
Package pdftex.def Info: imagens/Urea_Synthesis_Woehler.png  used on input line 215.
(pdftex.def)             Requested size: 338.58632pt x 71.17075pt.
<imagens/Taxol.svg.png, id=525, 2569.6pt x 1738.495pt>
File: imagens/Taxol.svg.png Graphic file (type png)
<use imagens/Taxol.svg.png>
Package pdftex.def Info: imagens/Taxol.svg.png  used on input line 224.
(pdftex.def)             Requested size: 241.84843pt x 163.62016pt.
 [11 <./imagens/Urea_Synthesis_Woehler.png> <./imagens/Taxol.svg.png>]
LaTeX Font Info:    Font shape `OT1/FiraSans-OsF/l/it' in size <12> not available
(Font)              Font shape `OT1/FiraSans-OsF/light/it' tried instead on input line 232.
LaTeX Font Info:    Font shape `OT1/FiraSans-OsF/light/it' will be
(Font)              scaled to size 12.0pt on input line 232.
 [12]
\openout2 = `ligacao_cc.aux'.

 (./ligacao_cc.tex
Cap\'{\i }tulo 3.
Package mdframed Info: mdframed works in twoside mode on input line 2.
\openout5 = `minitoc.mtc'.

\openout5 = `minitoc.mtc'.

(./minitoc.mtc3)
Overfull \hbox (1.79854pt too wide) in paragraph at lines 9--10
[]\OT1/FiraSans-OsF/light/n/12 As pro-pos-tas de organiza[][]ao da ele-tros-fera at[]omica iniciaram-se com as re-vo-lu-cion[]arias
 []


Overfull \hbox (11.18973pt too wide) in paragraph at lines 9--10
\OT1/FiraSans-OsF/light/n/12 ideias de \OT1/FiraSans-OsF/bold/n/12 Er-nest Ruther-ford\OT1/FiraSans-OsF/light/n/12 , como re-sul-tado dos ex-pe-ri-men-tos da es-pa-lha-mento de part[]^^Pculas
 []

<imagens/all_orbitals.jpg, id=546, 1409.265pt x 827.09pt>
File: imagens/all_orbitals.jpg Graphic file (type jpg)
<use imagens/all_orbitals.jpg>
Package pdftex.def Info: imagens/all_orbitals.jpg  used on input line 20.
(pdftex.def)             Requested size: 483.69687pt x 283.86977pt.

LaTeX Warning: `h' float specifier changed to `ht'.

[13


] [14 <./imagens/all_orbitals.jpg>]
<imagens/spin.png, id=563, 642.4pt x 329.23pt>
File: imagens/spin.png Graphic file (type png)
<use imagens/spin.png>
Package pdftex.def Info: imagens/spin.png  used on input line 51.
(pdftex.def)             Requested size: 241.84843pt x 123.94823pt.
 [15 <./imagens/spin.png (PNG copy)>]
LaTeX Font Info:    Font shape `OT1/FiraSans-OsF/b/n' in size <8> not available
(Font)              Font shape `OT1/FiraSans-OsF/bold/n' tried instead on input line 60.
LaTeX Font Info:    Font shape `OT1/FiraSans-OsF/bold/n' will be
(Font)              scaled to size 8.0pt on input line 60.
LaTeX Font Info:    Font shape `OT1/FiraSans-OsF/b/n' in size <6> not available
(Font)              Font shape `OT1/FiraSans-OsF/bold/n' tried instead on input line 60.
LaTeX Font Info:    Font shape `OT1/FiraSans-OsF/bold/n' will be
(Font)              scaled to size 6.0pt on input line 60.
<imagens/metano_detalhado.png, id=573, 798.985pt x 220.825pt>
File: imagens/metano_detalhado.png Graphic file (type png)
<use imagens/metano_detalhado.png>
Package pdftex.def Info: imagens/metano_detalhado.png  used on input line 66.
(pdftex.def)             Requested size: 386.95897pt x 106.94835pt.
<imagens/hibridacao_visual_traduzida.png, id=574, 1371.1225pt x 770.88pt>
File: imagens/hibridacao_visual_traduzida.png Graphic file (type png)
<use imagens/hibridacao_visual_traduzida.png>
Package pdftex.def Info: imagens/hibridacao_visual_traduzida.png  used on input line 77.
(pdftex.def)             Requested size: 483.69687pt x 271.94109pt.

Underfull \vbox (badness 10000) has occurred while \output is active []

 [16 <./imagens/metano_detalhado.png>]
LaTeX Font Info:    Font shape `OT1/FiraSans-OsF/b/n' in size <10> not available
(Font)              Font shape `OT1/FiraSans-OsF/bold/n' tried instead on input line 82.
LaTeX Font Info:    Font shape `OT1/FiraSans-OsF/bold/n' will be
(Font)              scaled to size 10.0pt on input line 82.
<imagens/fund_excit.png, id=582, 461.725pt x 232.87pt>
File: imagens/fund_excit.png Graphic file (type png)
<use imagens/fund_excit.png>
Package pdftex.def Info: imagens/fund_excit.png  used on input line 89.
(pdftex.def)             Requested size: 338.58632pt x 170.76474pt.

Overfull \hbox (6.12457pt too wide) in paragraph at lines 93--94
\OT1/FiraSans-OsF/light/n/12 eletr[]onica e combina[][]ao li-near dos subn[]^^Pveis 2s e 2p no []atomo de Car-bono. Uma configura[][]ao
 []

[17 <./imagens/hibridacao_visual_traduzida.png> <./imagens/fund_excit.png>]
<imagens/Hybridization_of_carbon.png, id=594, 1417.295pt x 1119.18124pt>
File: imagens/Hybridization_of_carbon.png Graphic file (type png)
<use imagens/Hybridization_of_carbon.png>
Package pdftex.def Info: imagens/Hybridization_of_carbon.png  used on input line 100.
(pdftex.def)             Requested size: 483.69687pt x 381.95108pt.

Overfull \hbox (5.43585pt too wide) in paragraph at lines 104--105
[]\OT1/FiraSans-OsF/light/n/12 A par-tir da forma[][]ao dos or-bi-tais de-ge-ne-ra-dos []e poss[]^^Pvel, ma-te-ma-ti-ca-mente, a exist[]encia
 []

[18 <./imagens/Hybridization_of_carbon.png>]

Package hyperref Warning: Token not allowed in a PDF string (Unicode):
(hyperref)                removing `math shift' on input line 114.


Package hyperref Warning: Token not allowed in a PDF string (Unicode):
(hyperref)                removing `\sigma' on input line 114.


Package hyperref Warning: Token not allowed in a PDF string (Unicode):
(hyperref)                removing `math shift' on input line 114.

<imagens/dar.png, id=604, 1371.1225pt x 770.88pt>
File: imagens/dar.png Graphic file (type png)
<use imagens/dar.png>
Package pdftex.def Info: imagens/dar.png  used on input line 122.
(pdftex.def)             Requested size: 483.69687pt x 271.94109pt.

Overfull \hbox (11.37856pt too wide) in paragraph at lines 132--133
\OT1/FiraSans-OsF/light/n/12 gum com-po-nente re-pul-sivo no sis-tema. A dist[]ancia na qual ocorre essa sobreposi[][]ao
 []

[19 <./imagens/dar.png>]
<imagens/sigma.jpg, id=613, 469.755pt x 131.17004pt>
File: imagens/sigma.jpg Graphic file (type jpg)
<use imagens/sigma.jpg>
Package pdftex.def Info: imagens/sigma.jpg  used on input line 145.
(pdftex.def)             Requested size: 483.69687pt x 135.0626pt.
<imagens/om2.png, id=615, 1371.1225pt x 223.83624pt>
File: imagens/om2.png Graphic file (type png)
<use imagens/om2.png>
Package pdftex.def Info: imagens/om2.png  used on input line 156.
(pdftex.def)             Requested size: 483.69687pt x 78.96205pt.
<imagens/rotacao.png, id=618, 1803.73875pt x 624.3325pt>
File: imagens/rotacao.png Graphic file (type png)
<use imagens/rotacao.png>
Package pdftex.def Info: imagens/rotacao.png  used on input line 169.
(pdftex.def)             Requested size: 362.77264pt x 125.55972pt.
 [20 <./imagens/sigma.jpg> <./imagens/om2.png>]
<imagens/Cyclohexane-chair-colour-coded-3D-balls.png, id=627, 1104.125pt x 772.8875pt>
File: imagens/Cyclohexane-chair-colour-coded-3D-balls.png Graphic file (type png)
<use imagens/Cyclohexane-chair-colour-coded-3D-balls.png>
Package pdftex.def Info: imagens/Cyclohexane-chair-colour-coded-3D-balls.png  used on input line 182.
(pdftex.def)             Requested size: 290.22107pt x 203.15135pt.
 [21 <./imagens/rotacao.png> <./imagens/Cyclohexane-chair-colour-coded-3D-balls.png>]
<imagens/analise_conformacional_ch_2.png, id=638, 772.8875pt x 564.1075pt>
File: imagens/analise_conformacional_ch_2.png Graphic file (type png)
<use imagens/analise_conformacional_ch_2.png>
Package pdftex.def Info: imagens/analise_conformacional_ch_2.png  used on input line 195.
(pdftex.def)             Requested size: 411.14528pt x 300.08592pt.
<imagens/chair-confirmation-analogue-768x326.png, id=640, 578.16pt x 245.41687pt>
File: imagens/chair-confirmation-analogue-768x326.png Graphic file (type png)
<use imagens/chair-confirmation-analogue-768x326.png>
Package pdftex.def Info: imagens/chair-confirmation-analogue-768x326.png  used on input line 208.
(pdftex.def)             Requested size: 362.77264pt x 153.98807pt.


LaTeX Warning: `h' float specifier changed to `ht'.

[22 <./imagens/analise_conformacional_ch_2.png>]

Package hyperref Warning: Token not allowed in a PDF string (Unicode):
(hyperref)                removing `math shift' on input line 214.


Package hyperref Warning: Token not allowed in a PDF string (Unicode):
(hyperref)                removing `\pi' on input line 214.


Package hyperref Warning: Token not allowed in a PDF string (Unicode):
(hyperref)                removing `math shift' on input line 214.

<imagens/sp2.png, id=648, 401.5pt x 512.91624pt>
File: imagens/sp2.png Graphic file (type png)
<use imagens/sp2.png>
Package pdftex.def Info: imagens/sp2.png  used on input line 222.
(pdftex.def)             Requested size: 217.66211pt x 278.06635pt.

LaTeX Warning: `h' float specifier changed to `ht'.

<imagens/hibrido_sp2.png, id=650, 484.81125pt x 241.90375pt>
File: imagens/hibrido_sp2.png Graphic file (type png)
<use imagens/hibrido_sp2.png>
Package pdftex.def Info: imagens/hibrido_sp2.png  used on input line 241.
(pdftex.def)             Requested size: 314.40001pt x 156.88121pt.

LaTeX Warning: `h' float specifier changed to `ht'.

[23 <./imagens/chair-confirmation-analogue-768x326.png>]
<imagens/sobre_lateral.png, id=658, 626.34pt x 576.1525pt>
File: imagens/sobre_lateral.png Graphic file (type png)
<use imagens/sobre_lateral.png>
Package pdftex.def Info: imagens/sobre_lateral.png  used on input line 252.
(pdftex.def)             Requested size: 362.77264pt x 333.71152pt.


LaTeX Warning: `h' float specifier changed to `ht'.

<imagens/tripla.png, id=662, 1040.88875pt x 301.125pt>
File: imagens/tripla.png Graphic file (type png)
<use imagens/tripla.png>
Package pdftex.def Info: imagens/tripla.png  used on input line 269.
(pdftex.def)             Requested size: 483.69687pt x 139.92976pt.

LaTeX Warning: `h' float specifier changed to `ht'.

) [24 <./imagens/sp2.png>] [25 <./imagens/hibrido_sp2.png>] [26 <./imagens/sobre_lateral.png> <./imagens/tripla.png>]
\openout2 = `funcoes_organicas.aux'.

 (./funcoes_organicas.tex
Cap\'{\i }tulo 4.
Package mdframed Info: mdframed works in twoside mode on input line 2.
\openout5 = `minitoc.mtc'.

\openout5 = `minitoc.mtc'.

(./minitoc.mtc4) [27




]
<imagens/19035-NRYBNX.jpg, id=688, 803.1606pt x 803.1606pt>
File: imagens/19035-NRYBNX.jpg Graphic file (type jpg)
<use imagens/19035-NRYBNX.jpg>
Package pdftex.def Info: imagens/19035-NRYBNX.jpg  used on input line 55.
(pdftex.def)             Requested size: 241.84843pt x 241.84467pt.


LaTeX Warning: `h' float specifier changed to `ht'.

<imagens/557px-Vancomycin.svg.png, id=691, 559.08875pt x 538.01pt>
File: imagens/557px-Vancomycin.svg.png Graphic file (type png)
<use imagens/557px-Vancomycin.svg.png>
Package pdftex.def Info: imagens/557px-Vancomycin.svg.png  used on input line 80.
(pdftex.def)             Requested size: 411.14528pt x 395.65836pt.

LaTeX Warning: `h' float specifier changed to `ht'.

[28]
<imagens/funcoes.png, id=700, 1045.9075pt x 440.64626pt>
File: imagens/funcoes.png Graphic file (type png)
<use imagens/funcoes.png>
Package pdftex.def Info: imagens/funcoes.png  used on input line 107.
(pdftex.def)             Requested size: 483.69687pt x 203.78897pt.


LaTeX Warning: `h' float specifier changed to `ht'.

) [29 <./imagens/19035-NRYBNX.jpg>] [30 <./imagens/557px-Vancomycin.svg.png>] [31 <./imagens/funcoes.png>]
\openout2 = `hidrocarbonetos.aux'.

 (./hidrocarbonetos.tex [32




]
Cap\'{\i }tulo 5.
<imagens/Octane_3D_ball.png, id=723, 2134.97626pt x 752.8125pt>
File: imagens/Octane_3D_ball.png Graphic file (type png)
<use imagens/Octane_3D_ball.png>
Package pdftex.def Info: imagens/Octane_3D_ball.png  used on input line 6.
(pdftex.def)             Requested size: 373.62645pt x 131.74416pt.
<imagens/1-Hexene-3D-balls.png, id=727, 1673.50218pt x 752.8125pt>
File: imagens/1-Hexene-3D-balls.png Graphic file (type png)
<use imagens/1-Hexene-3D-balls.png>
Package pdftex.def Info: imagens/1-Hexene-3D-balls.png  used on input line 15.
(pdftex.def)             Requested size: 376.54729pt x 169.38698pt.

LaTeX Warning: `h' float specifier changed to `ht'.

[33 <./imagens/Octane_3D_ball.png>]
Overfull \hbox (14.47649pt too wide) in paragraph at lines 22--23
\OT1/FiraSans-OsF/light/n/12 forma[][]ao desse re-curso na-tu-ral. Ela pos-tula que o petr[]oleo se ori-gina a par-tir da decomposi[][]ao
 []


Overfull \hbox (8.1286pt too wide) in paragraph at lines 32--33
[]\OT1/FiraSans-OsF/light/n/12 4. Migra[][]ao e Ar-ma-ze-na-mento: Os hi-dro-car-bo-ne-tos re-sul-tan-tes do pro-cesso de diag[]enese
 []

[34 <./imagens/1-Hexene-3D-balls.png>]
File: imagens/Octane_3D_ball.png Graphic file (type png)
<use imagens/Octane_3D_ball.png>
Package pdftex.def Info: imagens/Octane_3D_ball.png  used on input line 53.
(pdftex.def)             Requested size: 320.23262pt x 112.91699pt.


LaTeX Warning: `h' float specifier changed to `ht'.

[35]
<imagens/Neopentane-3D-balls.png, id=743, 1104.125pt x 1098.1025pt>
File: imagens/Neopentane-3D-balls.png Graphic file (type png)
<use imagens/Neopentane-3D-balls.png>
Package pdftex.def Info: imagens/Neopentane-3D-balls.png  used on input line 70.
(pdftex.def)             Requested size: 138.01529pt x 137.26247pt.
<imagens/2560px-Chair_conformation_of_cyclohexane.svg.png, id=744, 2569.6pt x 1079.03125pt>
File: imagens/2560px-Chair_conformation_of_cyclohexane.svg.png Graphic file (type png)
<use imagens/2560px-Chair_conformation_of_cyclohexane.svg.png>
Package pdftex.def Info: imagens/2560px-Chair_conformation_of_cyclohexane.svg.png  used on input line 79.
(pdftex.def)             Requested size: 256.97505pt x 107.90944pt.


LaTeX Warning: `h' float specifier changed to `ht'.

[36 <./imagens/Neopentane-3D-balls.png>] [37 <./imagens/2560px-Chair_conformation_of_cyclohexane.svg.png>]
LaTeX Font Info:    Font shape `OT1/FiraSans-OsF/b/n' in size <14.4> not available
(Font)              Font shape `OT1/FiraSans-OsF/bold/n' tried instead on input line 102.
LaTeX Font Info:    Font shape `OT1/FiraSans-OsF/bold/n' will be
(Font)              scaled to size 14.4pt on input line 102.
<imagens/pentano_22dimetil.png, id=758, 730.73pt x 290.08376pt>
File: imagens/pentano_22dimetil.png Graphic file (type png)
<use imagens/pentano_22dimetil.png>
Package pdftex.def Info: imagens/pentano_22dimetil.png  used on input line 134.
(pdftex.def)             Requested size: 483.69687pt x 192.018pt.

Underfull \vbox (badness 10000) has occurred while \output is active []

 [38]
Overfull \hbox (8.14175pt too wide) in paragraph at lines 153--154
\OT1/FiraSans-OsF/light/n/12 mol[]eculas in-te-ri-o-res s[]ao atra[]^^Pdas por to-das as mol[]eculas ao seu re-dor, en-quanto as mol[]eculas
 []

[39 <./imagens/pentano_22dimetil.png>]
<imagens/ts.png, id=770, 2027.575pt x 2054.67625pt>
File: imagens/ts.png Graphic file (type png)
<use imagens/ts.png>
Package pdftex.def Info: imagens/ts.png  used on input line 161.
(pdftex.def)             Requested size: 169.29684pt x 171.55702pt.

Overfull \hbox (2.26065pt too wide) in paragraph at lines 171--172
\OT1/FiraSans-OsF/light/n/12 org[]anicas, a quan-ti-dade de re-gras e orienta[][]oes su-ge-ri-das pela IU-PAC []e re-la-ti-va-mente grande
 []

[40 <./imagens/ts.png>]
<imagens/hidretos_pai.png, id=778, 1083.04625pt x 464.73625pt>
File: imagens/hidretos_pai.png Graphic file (type png)
<use imagens/hidretos_pai.png>
Package pdftex.def Info: imagens/hidretos_pai.png  used on input line 183.
(pdftex.def)             Requested size: 483.69687pt x 207.5551pt.


LaTeX Warning: `!h' float specifier changed to `!ht'.


Underfull \vbox (badness 1675) has occurred while \output is active []

 [41 <./imagens/hidretos_pai.png>]
<imagens/46dicloro.png, id=787, 635.37375pt x 325.215pt>
File: imagens/46dicloro.png Graphic file (type png)
<use imagens/46dicloro.png>
Package pdftex.def Info: imagens/46dicloro.png  used on input line 235.
(pdftex.def)             Requested size: 290.22107pt x 148.55365pt.
 [42 <./imagens/46dicloro.png>]
<imagens/octadieno.png, id=797, 404.51125pt x 260.975pt>
File: imagens/octadieno.png Graphic file (type png)
<use imagens/octadieno.png>
Package pdftex.def Info: imagens/octadieno.png  used on input line 260.
(pdftex.def)             Requested size: 290.22107pt x 187.24081pt.
 [43 <./imagens/octadieno.png>]
<imagens/etenil.png, id=811, 566.115pt x 212.795pt>
File: imagens/etenil.png Graphic file (type png)
<use imagens/etenil.png>
Package pdftex.def Info: imagens/etenil.png  used on input line 272.
(pdftex.def)             Requested size: 290.22107pt x 109.09222pt.
<imagens/nomeetenil.png, id=813, 573.14125pt x 327.2225pt>
File: imagens/nomeetenil.png Graphic file (type png)
<use imagens/nomeetenil.png>
Package pdftex.def Info: imagens/nomeetenil.png  used on input line 282.
(pdftex.def)             Requested size: 290.22107pt x 165.69792pt.
) [44 <./imagens/etenil.png> <./imagens/nomeetenil.png>]
\openout2 = `hidroxil.aux'.

 (./hidroxil.tex
Cap\'{\i }tulo 6.
Package mdframed Info: mdframed works in twoside mode on input line 2.
\openout5 = `minitoc.mtc'.

\openout5 = `minitoc.mtc'.

(./minitoc.mtc6)
<imagens/af.png, id=829, 763.85374pt x 389.455pt>
File: imagens/af.png Graphic file (type png)
<use imagens/af.png>
Package pdftex.def Info: imagens/af.png  used on input line 11.
(pdftex.def)             Requested size: 338.58632pt x 172.6265pt.

Underfull \vbox (badness 10000) has occurred while \output is active []

 [45




]
<imagens/ligacaoh.png, id=837, 543.02875pt x 261.97874pt>
File: imagens/ligacaoh.png Graphic file (type png)
<use imagens/ligacaoh.png>
Package pdftex.def Info: imagens/ligacaoh.png  used on input line 29.
(pdftex.def)             Requested size: 314.40001pt x 151.68394pt.


LaTeX Warning: `h' float specifier changed to `ht'.

[46 <./imagens/af.png>]
<imagens/ionizacao.png, id=844, 879.285pt x 161.60374pt>
File: imagens/ionizacao.png Graphic file (type png)
<use imagens/ionizacao.png>
Package pdftex.def Info: imagens/ionizacao.png  used on input line 48.
(pdftex.def)             Requested size: 435.32422pt x 80.00766pt.
 [47 <./imagens/ligacaoh.png> <./imagens/ionizacao.png>]
<imagens/fenol.png, id=860, 1358.07375pt x 783.92876pt>
File: imagens/fenol.png Graphic file (type png)
<use imagens/fenol.png>
Package pdftex.def Info: imagens/fenol.png  used on input line 77.
(pdftex.def)             Requested size: 256.0748pt x 147.81165pt.
<imagens/propanol.png, id=861, 1358.07375pt x 783.92876pt>
File: imagens/propanol.png Graphic file (type png)
<use imagens/propanol.png>
Package pdftex.def Info: imagens/propanol.png  used on input line 79.
(pdftex.def)             Requested size: 256.0748pt x 147.81165pt.

Overfull \hbox (30.68472pt too wide) in paragraph at lines 77--81
[][]  [][]
 []

<imagens/fenolato.png, id=865, 1272.755pt x 221.82875pt>
File: imagens/fenolato.png Graphic file (type png)
<use imagens/fenolato.png>
Package pdftex.def Info: imagens/fenolato.png  used on input line 92.
(pdftex.def)             Requested size: 483.69687pt x 84.30255pt.
[48 <./imagens/fenol.png> <./imagens/propanol.png> <./imagens/fenolato.png>]

LaTeX Warning: `!h' float specifier changed to `!ht'.


LaTeX Warning: `h' float specifier changed to `ht'.


Underfull \vbox (badness 2680) has occurred while \output is active []

 [49] [50]
<imagens/methanol-2d-0349e4-1024.png, id=893, 1027.84pt x 876.27374pt>
File: imagens/methanol-2d-0349e4-1024.png Graphic file (type png)
<use imagens/methanol-2d-0349e4-1024.png>
Package pdftex.def Info: imagens/methanol-2d-0349e4-1024.png  used on input line 190.
(pdftex.def)             Requested size: 96.73788pt x 82.47136pt.
<imagens/mpemetanol.png, id=895, 781.92125pt x 645.41125pt>
File: imagens/mpemetanol.png Graphic file (type png)
<use imagens/mpemetanol.png>
Package pdftex.def Info: imagens/mpemetanol.png  used on input line 200.
(pdftex.def)             Requested size: 217.66211pt x 179.66016pt.

Underfull \hbox (badness 10000) in paragraph at lines 210--210
\OT1/FiraSans-OsF/light/n/10 indy-five-hundred-sets-the-nascar-community-ablaze-after-fans-make-talladega-superspeedway-nights-
 []

[51 <./imagens/methanol-2d-0349e4-1024.png> <./imagens/mpemetanol.png>]
<imagens/hommel.png, id=908, 373.395pt x 319.1925pt>
File: imagens/hommel.png Graphic file (type png)
<use imagens/hommel.png>
Package pdftex.def Info: imagens/hommel.png  used on input line 223.
(pdftex.def)             Requested size: 120.92421pt x 103.37103pt.
<imagens/etanol2.jpeg, id=911, 451.6875pt x 162.6075pt>
File: imagens/etanol2.jpeg Graphic file (type jpg)
<use imagens/etanol2.jpeg>
Package pdftex.def Info: imagens/etanol2.jpeg  used on input line 236.
(pdftex.def)             Requested size: 362.77264pt x 130.60474pt.


LaTeX Warning: `h' float specifier changed to `ht'.

[52 <./imagens/hommel.png>]
<imagens/ciclo-neutro.png, id=922, 481.8pt x 247.92625pt>
File: imagens/ciclo-neutro.png Graphic file (type png)
<use imagens/ciclo-neutro.png>
Package pdftex.def Info: imagens/ciclo-neutro.png  used on input line 261.
(pdftex.def)             Requested size: 362.77264pt x 186.68192pt.


LaTeX Warning: `h' float specifier changed to `ht'.

[53 <./imagens/etanol2.jpeg>]
<imagens/acidosfenolicos.png, id=937, 860.21375pt x 373.395pt>
File: imagens/acidosfenolicos.png Graphic file (type png)
<use imagens/acidosfenolicos.png>
Package pdftex.def Info: imagens/acidosfenolicos.png  used on input line 280.
(pdftex.def)             Requested size: 362.77264pt x 157.46864pt.
) [54 <./imagens/ciclo-neutro.png> <./imagens/acidosfenolicos.png>]
\openout2 = `aldeidos_cetonas.aux'.

 (./aldeidos_cetonas.tex
Cap\'{\i }tulo 7.
Package mdframed Info: mdframed works in twoside mode on input line 2.
\openout5 = `minitoc.mtc'.

\openout5 = `minitoc.mtc'.

(./minitoc.mtc7)
<imagens/cistransretinal.png, id=950, 373.23pt x 346.5pt>
File: imagens/cistransretinal.png Graphic file (type png)
<use imagens/cistransretinal.png>
Package pdftex.def Info: imagens/cistransretinal.png  used on input line 11.
(pdftex.def)             Requested size: 338.58632pt x 314.34265pt.


LaTeX Warning: `h' float specifier changed to `ht'.

<imagens/cistrans.png, id=953, 881.2925pt x 290.08376pt>
File: imagens/cistrans.png Graphic file (type png)
<use imagens/cistrans.png>
Package pdftex.def Info: imagens/cistrans.png  used on input line 28.
(pdftex.def)             Requested size: 411.14528pt x 135.33017pt.

LaTeX Warning: `h' float specifier changed to `ht'.

[55




]
<imagens/formaldeido2.png, id=958, 437.2335pt x 254.75175pt>
File: imagens/formaldeido2.png Graphic file (type png)
<use imagens/formaldeido2.png>
Package pdftex.def Info: imagens/formaldeido2.png  used on input line 41.
(pdftex.def)             Requested size: 169.29684pt x 98.64142pt.


LaTeX Warning: `h' float specifier changed to `ht'.

[56 <./imagens/cistransretinal.png>]
<imagens/etanal.png, id=966, 825.0825pt x 696.6025pt>
File: imagens/etanal.png Graphic file (type png)
<use imagens/etanal.png>
Package pdftex.def Info: imagens/etanal.png  used on input line 62.
(pdftex.def)             Requested size: 241.84843pt x 204.18855pt.


LaTeX Warning: `h' float specifier changed to `ht'.


Overfull \hbox (14.08667pt too wide) in paragraph at lines 70--71
[]\OT1/FiraSans-OsF/light/n/12 Na aus[]encia do h[]^^Pbrido de res-son[]ancia (uma vez que tais es-tru-tu-ras ocor-rem em condi[][]oes
 []

[57 <./imagens/cistrans.png> <./imagens/formaldeido2.png>]
<imagens/hibridos.png, id=979, 652.4375pt x 194.7275pt>
File: imagens/hibridos.png Graphic file (type png)
<use imagens/hibridos.png>
Package pdftex.def Info: imagens/hibridos.png  used on input line 97.
(pdftex.def)             Requested size: 411.14528pt x 122.71461pt.


LaTeX Warning: `h' float specifier changed to `ht'.

<imagens/polaridadeetanal.png, id=982, 754.82pt x 507.8975pt>
File: imagens/polaridadeetanal.png Graphic file (type png)
<use imagens/polaridadeetanal.png>
Package pdftex.def Info: imagens/polaridadeetanal.png  used on input line 110.
(pdftex.def)             Requested size: 362.77264pt x 244.09802pt.

LaTeX Warning: `h' float specifier changed to `ht'.

[58 <./imagens/etanal.png>]
<imagens/etanal_agua.png, id=993, 876.27374pt x 449.68pt>
File: imagens/etanal_agua.png Graphic file (type png)
<use imagens/etanal_agua.png>
Package pdftex.def Info: imagens/etanal_agua.png  used on input line 126.
(pdftex.def)             Requested size: 411.14528pt x 210.99281pt.

Underfull \vbox (badness 10000) has occurred while \output is active []

 [59 <./imagens/hibridos.png>] [60 <./imagens/polaridadeetanal.png> <./imagens/etanal_agua.png>]
<imagens/butanal.png, id=1009, 419.5675pt x 239.89626pt>
File: imagens/butanal.png Graphic file (type png)
<use imagens/butanal.png>
Package pdftex.def Info: imagens/butanal.png  used on input line 150.
(pdftex.def)             Requested size: 217.66211pt x 124.45026pt.
<imagens/aldeidosubst.png, id=1012, 336.25626pt x 215.80624pt>
File: imagens/aldeidosubst.png Graphic file (type png)
<use imagens/aldeidosubst.png>
Package pdftex.def Info: imagens/aldeidosubst.png  used on input line 164.
(pdftex.def)             Requested size: 217.66211pt x 139.69283pt.
 [61 <./imagens/butanal.png> <./imagens/aldeidosubst.png>]
<imagens/naftaleno.png, id=1021, 286.06876pt x 202.7575pt>
File: imagens/naftaleno.png Graphic file (type png)
<use imagens/naftaleno.png>
Package pdftex.def Info: imagens/naftaleno.png  used on input line 178.
(pdftex.def)             Requested size: 120.92421pt x 85.70827pt.
<imagens/simetria.png, id=1023, 377.41pt x 369.38pt>
File: imagens/simetria.png Graphic file (type png)
<use imagens/simetria.png>
Package pdftex.def Info: imagens/simetria.png  used on input line 194.
(pdftex.def)             Requested size: 241.84843pt x 236.70111pt.


LaTeX Warning: `h' float specifier changed to `ht'.

<imagens/simetria3.png, id=1026, 374.39874pt x 278.03876pt>
File: imagens/simetria3.png Graphic file (type png)
<use imagens/simetria3.png>
Package pdftex.def Info: imagens/simetria3.png  used on input line 206.
(pdftex.def)             Requested size: 169.29684pt x 125.72296pt.

LaTeX Warning: `h' float specifier changed to `ht'.

<imagens/numerado.png, id=1029, 274.02374pt x 177.66376pt>
File: imagens/numerado.png Graphic file (type png)
<use imagens/numerado.png>
Package pdftex.def Info: imagens/numerado.png  used on input line 218.
(pdftex.def)             Requested size: 169.29684pt x 109.76543pt.

LaTeX Warning: `h' float specifier changed to `ht'.

[62 <./imagens/naftaleno.png>]
<imagens/hidrogenacao.png, id=1038, 1014.79124pt x 236.885pt>
File: imagens/hidrogenacao.png Graphic file (type png)
<use imagens/hidrogenacao.png>
Package pdftex.def Info: imagens/hidrogenacao.png  used on input line 232.
(pdftex.def)             Requested size: 483.69687pt x 112.9083pt.


LaTeX Warning: `h' float specifier changed to `ht'.

[63 <./imagens/simetria.png> <./imagens/simetria3.png>]
<imagens/exemplosaldeidos.png, id=1046, 849.1725pt x 619.31375pt>
File: imagens/exemplosaldeidos.png Graphic file (type png)
<use imagens/exemplosaldeidos.png>
Package pdftex.def Info: imagens/exemplosaldeidos.png  used on input line 244.
(pdftex.def)             Requested size: 314.40001pt x 229.2937pt.

Underfull \vbox (badness 10000) has occurred while \output is active []

 [64 <./imagens/numerado.png> <./imagens/hidrogenacao.png>]
Overfull \hbox (14.9118pt too wide) in paragraph at lines 250--250
[][]\OT1/FiraSans-OsF/bold/n/12 Subst[]ancia 
 []


Overfull \hbox (14.9118pt too wide) in paragraph at lines 251--251
[][]\OT1/FiraSans-OsF/bold/n/12 Subst[]ancia 
 []


Overfull \hbox (14.9118pt too wide) in paragraph at lines 252--252
[][]\OT1/FiraSans-OsF/bold/n/12 Subst[]ancia 
 []


Overfull \hbox (14.9118pt too wide) in paragraph at lines 253--253
[][]\OT1/FiraSans-OsF/bold/n/12 Subst[]ancia 
 []

<imagens/cpd.png, id=1053, 153.57375pt x 205.76875pt>
File: imagens/cpd.png Graphic file (type png)
<use imagens/cpd.png>
Package pdftex.def Info: imagens/cpd.png  used on input line 261.
(pdftex.def)             Requested size: 120.92421pt x 162.02489pt.
)
Overfull \hbox (24.0pt too wide) in paragraph at lines 258--246
[]$[]$ 
 []


Underfull \vbox (badness 10000) has occurred while \output is active []

 [65 <./imagens/exemplosaldeidos.png>] [66 <./imagens/cpd.png>]
runsystem(makeindex minitoc.idx)...executed safely (allowed).

 (./minitoc.ind) [67





] [68

]
LaTeX Font Info:    Font shape `OT1/FiraSans-OsF/l/sc' in size <12> not available
(Font)              Font shape `OT1/FiraSans-OsF/light/sc' tried instead on input line 253.
LaTeX Font Info:    Font shape `OT1/FiraSans-OsF/light/sc' will be
(Font)              scaled to size 12.0pt on input line 253.
 [69]
Overfull \hbox (0.23648pt too wide) in paragraph at lines 253--253
\OT1/FiraSans-OsF/light/n/12 Em: \OT1/FiraSans-OsF/light/it/12 Bi-o-mo-le-cu-lar Si-mu-la-ti-ons: Methods and Pro-to-cols\OT1/FiraSans-OsF/light/n/12 . Ed. por Luca Mon-ti-celli e Emppu
 []


Overfull \hbox (23.35864pt too wide) in paragraph at lines 253--253
\OT1/FiraSans-OsF/light/n/12 tems; A Short Sur-vey". Em: \OT1/FiraSans-OsF/light/it/12 Sym-me-try \OT1/FiraSans-OsF/light/n/12 13.4 (2021). \OT1/FiraSans-OsF/light/sc/12 issn\OT1/FiraSans-OsF/light/n/12 : 2073-8994. \OT1/FiraSans-OsF/light/sc/12 doi\OT1/FiraSans-OsF/light/n/12 : [][]$\OT1/cmtt/m/n/12 10 . 3390 / sym13040526$[][]\OT1/FiraSans-OsF/light/n/12 .
 []


Overfull \hbox (9.55923pt too wide) in paragraph at lines 253--253
\OT1/cmtt/m/n/12 php / dissertacoes -[] de -[] mestrado / 2015 / 14 -[] separacao -[] etanol -[] agua -[] por -[] destilacao -[]
 []

[70]
Package minitoc Info: I0009
(minitoc)             Listing minitoc auxiliary files. 
(minitoc)             Creating the minitoc.maf file.
\openout5 = `minitoc.maf'.



Package minitoc(hints) Warning: W0086
(minitoc(hints))                The fncychap package should be 
(minitoc(hints))                loaded BEFORE the minitoc package.


Package minitoc(hints) Warning: W0033
(minitoc(hints))                The caption package should be 
(minitoc(hints))                loaded BEFORE the minitoc package.

Package minitoc(hints) Info: I0053
(minitoc(hints))             You have loaded the float package; 
(minitoc(hints))             please be aware that the minitoc package 
(minitoc(hints))             facilities can not be used for new types 
(minitoc(hints))             of floats defined by the float package.

Package minitoc(hints) Warning: W0024
(minitoc(hints))                Some hints have been written 
(minitoc(hints))                in the minitoc.log file.

[71] (./minitoc.aux (./ligacao_cc.aux) (./funcoes_organicas.aux) (./hidrocarbonetos.aux) (./hidroxil.aux) (./aldeidos_cetonas.aux))

LaTeX Warning: There were multiply-defined labels.

Package rerunfilecheck Info: File `minitoc.out' has not changed.
(rerunfilecheck)             Checksum: A222EB563098AE6E8ACF4D9971BC3FB2;6933.
Package logreq Info: Writing requests to 'minitoc.run.xml'.
\openout1 = `minitoc.run.xml'.

 ) 
Here is how much of TeX's memory you used:
 51219 strings out of 478287
 1144767 string characters out of 5849289
 1965711 words of memory out of 5000000
 68094 multiletter control sequences out of 15000+600000
 554219 words of font info for 77 fonts, out of 8000000 for 9000
 1141 hyphenation exceptions out of 8191
 125i,17n,142p,1151b,2922s stack positions out of 5000i,500n,10000p,200000b,80000s
{/usr/share/texlive/texmf-dist/fonts/enc/dvips/fira/fir_ogsljj.enc}{/usr/share/texlive/texmf-dist/fonts/enc/dvips/fira/fir_d67aat.enc}{/usr/share/texlive/texmf-dist/fonts/enc/dvips/fira/fir_337jzs.enc}</usr/share/texlive/texmf-dist/fonts/type1/public/fira/FiraSans-Bold.pfb></usr/share/texlive/texmf-dist/fonts/type1/public/fira/FiraSans-Light.pfb></usr/share/texlive/texmf-dist/fonts/type1/public/fira/FiraSans-LightItalic.pfb></usr/share/texlive/texmf-dist/fonts/type1/public/amsfonts/cm/cmmi10.pfb></usr/share/texlive/texmf-dist/fonts/type1/public/amsfonts/cm/cmmi12.pfb></usr/share/texlive/texmf-dist/fonts/type1/public/amsfonts/cm/cmmi8.pfb></usr/share/texlive/texmf-dist/fonts/type1/public/amsfonts/cm/cmr12.pfb></usr/share/texlive/texmf-dist/fonts/type1/public/amsfonts/cm/cmr7.pfb></usr/share/texlive/texmf-dist/fonts/type1/public/amsfonts/cm/cmr8.pfb></usr/share/texlive/texmf-dist/fonts/type1/public/amsfonts/cm/cmsy10.pfb></usr/share/texlive/texmf-dist/fonts/type1/public/amsfonts/cm/cmsy7.pfb></usr/share/texlive/texmf-dist/fonts/type1/public/amsfonts/cm/cmsy8.pfb></usr/share/texlive/texmf-dist/fonts/type1/public/amsfonts/cm/cmtt12.pfb>
Output written on minitoc.pdf (79 pages, 7587142 bytes).
PDF statistics:
 1274 PDF objects out of 1440 (max. 8388607)
 1025 compressed objects within 11 object streams
 258 named destinations out of 1000 (max. 500000)
 684 words of extra memory for PDF output out of 10000 (max. 10000000)

